#
# There is insufficient memory for the Java Runtime Environment to continue.
# Native memory allocation (malloc) failed to allocate 274576 bytes for Chunk::new
# Possible reasons:
#   The system is out of physical RAM or swap space
#   The process is running with CompressedOops enabled, and the Java Heap may be blocking the growth of the native heap
# Possible solutions:
#   Reduce memory load on the system
#   Increase physical memory or swap space
#   Check if swap backing store is full
#   Decrease Java heap size (-Xmx/-Xms)
#   Decrease number of Java threads
#   Decrease Java thread stack sizes (-Xss)
#   Set larger code cache with -XX:ReservedCodeCacheSize=
#   JVM is running with Unscaled Compressed Oops mode in which the Java heap is
#     placed in the first 4GB address space. The Java Heap base address is the
#     maximum limit for the native heap growth. Please use -XX:HeapBaseMinAddress
#     to set the Java Heap base and to place the Java Heap above 4GB virtual address.
# This output file may be truncated or incomplete.
#
#  Out of Memory Error (arena.cpp:184), pid=1348, tid=6424
#
# JRE version: Java(TM) SE Runtime Environment (19.0.2+7) (build 19.0.2+7-44)
# Java VM: Java HotSpot(TM) 64-Bit Server VM (19.0.2+7-44, mixed mode, sharing, tiered, compressed oops, compressed class ptrs, g1 gc, windows-amd64)
# No core dump will be written. Minidumps are not enabled by default on client versions of Windows
#

---------------  S U M M A R Y ------------

Command Line: -javaagent:C:\Program Files\JetBrains\IntelliJ IDEA Community Edition 2025.1.2\lib\idea_rt.jar=56562 -Dfile.encoding=UTF-8 -Dsun.stdout.encoding=UTF-8 -Dsun.stderr.encoding=UTF-8 com.librarymanagement.backend.LibraryManagementBackendApplication

Host: Intel(R) Core(TM) i3 CPU       M 330  @ 2.13GHz, 4 cores, 3G,  Windows 10 , 64 bit Build 19041 (10.0.19041.5794)
Time: Sun Jun  8 20:34:39 2025 India Standard Time elapsed time: 2.935949 seconds (0d 0h 0m 2s)

---------------  T H R E A D  ---------------

Current thread (0x00000285c842c750):  JavaThread "C2 CompilerThread0" daemon [_thread_in_native, id=6424, stack(0x000000a6c1b00000,0x000000a6c1c00000)]


Current CompileTask:
C2:   2936 1157   !   4       java.util.concurrent.ConcurrentHashMap::putVal (432 bytes)

Stack: [0x000000a6c1b00000,0x000000a6c1c00000]
Native frames: (J=compiled Java code, j=interpreted, Vv=VM code, C=native code)
V  [jvm.dll+0x6ee21a]
V  [jvm.dll+0x85765e]
V  [jvm.dll+0x85904e]
V  [jvm.dll+0x859703]
V  [jvm.dll+0x28298f]
V  [jvm.dll+0xc9adf]
V  [jvm.dll+0xc9e65]
V  [jvm.dll+0x3bca4c]
V  [jvm.dll+0x3860e1]
V  [jvm.dll+0x38555a]
V  [jvm.dll+0x24c3d9]
V  [jvm.dll+0x24b781]
V  [jvm.dll+0x1d6ce1]
V  [jvm.dll+0x25b25a]
V  [jvm.dll+0x2596e8]
V  [jvm.dll+0x807588]
V  [jvm.dll+0x80125a]
V  [jvm.dll+0x6ecf0b]
C  [ucrtbase.dll+0x21bb2]
C  [KERNEL32.DLL+0x17374]
C  [ntdll.dll+0x4cc91]


---------------  P R O C E S S  ---------------

Threads class SMR info:
_java_thread_list=0x00000285cd3dc820, length=14, elements={
0x00000285acd04f90, 0x00000285c8424450, 0x00000285c8425240, 0x00000285c8427f40,
0x00000285c8429880, 0x00000285c842b1c0, 0x00000285c842baf0, 0x00000285c842c750,
0x00000285c8491630, 0x00000285c84a5bf0, 0x00000285acdad2f0, 0x00000285ccad0220,
0x00000285ccb47510, 0x00000285cd4053a0
}

Java Threads: ( => current thread )
  0x00000285acd04f90 JavaThread "main" [_thread_in_native, id=10052, stack(0x000000a6c0e00000,0x000000a6c0f00000)]
  0x00000285c8424450 JavaThread "Reference Handler" daemon [_thread_blocked, id=4372, stack(0x000000a6c1500000,0x000000a6c1600000)]
  0x00000285c8425240 JavaThread "Finalizer" daemon [_thread_blocked, id=5764, stack(0x000000a6c1600000,0x000000a6c1700000)]
  0x00000285c8427f40 JavaThread "Signal Dispatcher" daemon [_thread_blocked, id=8256, stack(0x000000a6c1700000,0x000000a6c1800000)]
  0x00000285c8429880 JavaThread "Attach Listener" daemon [_thread_blocked, id=9972, stack(0x000000a6c1800000,0x000000a6c1900000)]
  0x00000285c842b1c0 JavaThread "Service Thread" daemon [_thread_blocked, id=4792, stack(0x000000a6c1900000,0x000000a6c1a00000)]
  0x00000285c842baf0 JavaThread "Monitor Deflation Thread" daemon [_thread_blocked, id=8200, stack(0x000000a6c1a00000,0x000000a6c1b00000)]
=>0x00000285c842c750 JavaThread "C2 CompilerThread0" daemon [_thread_in_native, id=6424, stack(0x000000a6c1b00000,0x000000a6c1c00000)]
  0x00000285c8491630 JavaThread "C1 CompilerThread0" daemon [_thread_blocked, id=2204, stack(0x000000a6c1c00000,0x000000a6c1d00000)]
  0x00000285c84a5bf0 JavaThread "Sweeper thread" daemon [_thread_blocked, id=1708, stack(0x000000a6c1d00000,0x000000a6c1e00000)]
  0x00000285acdad2f0 JavaThread "Common-Cleaner" daemon [_thread_blocked, id=4116, stack(0x000000a6c1e00000,0x000000a6c1f00000)]
  0x00000285ccad0220 JavaThread "Monitor Ctrl-Break" daemon [_thread_in_native, id=12448, stack(0x000000a6c1f00000,0x000000a6c2000000)]
  0x00000285ccb47510 JavaThread "Notification Thread" daemon [_thread_blocked, id=8048, stack(0x000000a6c2000000,0x000000a6c2100000)]
  0x00000285cd4053a0 JavaThread "C2 CompilerThread1" daemon [_thread_in_native, id=220, stack(0x000000a6c2200000,0x000000a6c2300000)]

Other Threads:
  0x00000285acdbcfc0 VMThread "VM Thread" [stack: 0x000000a6c1400000,0x000000a6c1500000] [id=11624]
  0x00000285acd05fb0 WatcherThread "VM Periodic Task Thread" [stack: 0x000000a6c2100000,0x000000a6c2200000] [id=7976]
  0x00000285acd426c0 WorkerThread "GC Thread#0" [stack: 0x000000a6c0f00000,0x000000a6c1000000] [id=11760]
  0x00000285ccf4d250 WorkerThread "GC Thread#1" [stack: 0x000000a6c2300000,0x000000a6c2400000] [id=11908]
  0x00000285cced4f00 WorkerThread "GC Thread#2" [stack: 0x000000a6c2400000,0x000000a6c2500000] [id=5736]
  0x00000285cd051670 WorkerThread "GC Thread#3" [stack: 0x000000a6c2500000,0x000000a6c2600000] [id=2896]
  0x00000285acd4ad80 ConcurrentGCThread "G1 Main Marker" [stack: 0x000000a6c1000000,0x000000a6c1100000] [id=9740]
  0x00000285aad19f80 WorkerThread "G1 Conc#0" [stack: 0x000000a6c1100000,0x000000a6c1200000] [id=7924]
  0x00000285acd9bb30 ConcurrentGCThread "G1 Refine#0" [stack: 0x000000a6c1200000,0x000000a6c1300000] [id=12144]
  0x00000285acd9c670 ConcurrentGCThread "G1 Service" [stack: 0x000000a6c1300000,0x000000a6c1400000] [id=8208]

Threads with active compile tasks:
C2 CompilerThread0     2997 1157   !   4       java.util.concurrent.ConcurrentHashMap::putVal (432 bytes)
C2 CompilerThread1     2997 1201       4       jdk.internal.org.objectweb.asm.SymbolTable::addConstantUtf8 (98 bytes)

VM state: not at safepoint (normal execution)

VM Mutex/Monitor currently owned by a thread: None

Heap address: 0x00000000c5200000, size: 942 MB, Compressed Oops mode: 32-bit

CDS archive(s) mapped at: [0x0000000800000000-0x0000000800c40000-0x0000000800c40000), size 12845056, SharedBaseAddress: 0x0000000800000000, ArchiveRelocationMode: 0.
Compressed class space mapped at: 0x0000000801000000-0x0000000841000000, reserved size: 1073741824
Narrow klass base: 0x0000000800000000, Narrow klass shift: 0, Narrow klass range: 0x100000000

GC Precious Log:
 CardTable entry size: 512
 Card Set container configuration: InlinePtr #cards 5 size 8 Array Of Cards #cards 12 size 40 Howl #buckets 4 coarsen threshold 1843 Howl Bitmap #cards 512 size 80 coarsen threshold 460 Card regions per heap region 1 cards per card region 2048
 CPUs: 4 total, 4 available
 Memory: 3764M
 Large Page Support: Disabled
 NUMA Support: Disabled
 Compressed Oops: Enabled (32-bit)
 Heap Region Size: 1M
 Heap Min Capacity: 8M
 Heap Initial Capacity: 60M
 Heap Max Capacity: 942M
 Pre-touch: Disabled
 Parallel Workers: 4
 Concurrent Workers: 1
 Concurrent Refinement Workers: 4
 Periodic GC: Disabled

Heap:
 garbage-first heap   total 61440K, used 14645K [0x00000000c5200000, 0x0000000100000000)
  region size 1024K, 11 young (11264K), 2 survivors (2048K)
 Metaspace       used 6574K, committed 6848K, reserved 1114112K
  class space    used 745K, committed 896K, reserved 1048576K

Heap Regions: E=young(eden), S=young(survivor), O=old, HS=humongous(starts), HC=humongous(continues), CS=collection set, F=free, OA=open archive, CA=closed archive, TAMS=top-at-mark-start (previous, next)
|   0|0x00000000c5200000, 0x00000000c5300000, 0x00000000c5300000|100%|HS|  |TAMS 0x00000000c5200000, 0x00000000c5200000| Complete 
|   1|0x00000000c5300000, 0x00000000c5400000, 0x00000000c5400000|100%| O|  |TAMS 0x00000000c5300000, 0x00000000c5300000| Untracked 
|   2|0x00000000c5400000, 0x00000000c5500000, 0x00000000c5500000|100%| O|  |TAMS 0x00000000c5400000, 0x00000000c5400000| Untracked 
|   3|0x00000000c5500000, 0x00000000c5600000, 0x00000000c5600000|100%| O|  |TAMS 0x00000000c5500000, 0x00000000c5500000| Untracked 
|   4|0x00000000c5600000, 0x00000000c564d600, 0x00000000c5700000| 30%| O|  |TAMS 0x00000000c5600000, 0x00000000c5600000| Untracked 
|   5|0x00000000c5700000, 0x00000000c5700000, 0x00000000c5800000|  0%| F|  |TAMS 0x00000000c5700000, 0x00000000c5700000| Untracked 
|   6|0x00000000c5800000, 0x00000000c5800000, 0x00000000c5900000|  0%| F|  |TAMS 0x00000000c5800000, 0x00000000c5800000| Untracked 
|   7|0x00000000c5900000, 0x00000000c5900000, 0x00000000c5a00000|  0%| F|  |TAMS 0x00000000c5900000, 0x00000000c5900000| Untracked 
|   8|0x00000000c5a00000, 0x00000000c5a00000, 0x00000000c5b00000|  0%| F|  |TAMS 0x00000000c5a00000, 0x00000000c5a00000| Untracked 
|   9|0x00000000c5b00000, 0x00000000c5b00000, 0x00000000c5c00000|  0%| F|  |TAMS 0x00000000c5b00000, 0x00000000c5b00000| Untracked 
|  10|0x00000000c5c00000, 0x00000000c5c00000, 0x00000000c5d00000|  0%| F|  |TAMS 0x00000000c5c00000, 0x00000000c5c00000| Untracked 
|  11|0x00000000c5d00000, 0x00000000c5d00000, 0x00000000c5e00000|  0%| F|  |TAMS 0x00000000c5d00000, 0x00000000c5d00000| Untracked 
|  12|0x00000000c5e00000, 0x00000000c5e00000, 0x00000000c5f00000|  0%| F|  |TAMS 0x00000000c5e00000, 0x00000000c5e00000| Untracked 
|  13|0x00000000c5f00000, 0x00000000c5f00000, 0x00000000c6000000|  0%| F|  |TAMS 0x00000000c5f00000, 0x00000000c5f00000| Untracked 
|  14|0x00000000c6000000, 0x00000000c6000000, 0x00000000c6100000|  0%| F|  |TAMS 0x00000000c6000000, 0x00000000c6000000| Untracked 
|  15|0x00000000c6100000, 0x00000000c6100000, 0x00000000c6200000|  0%| F|  |TAMS 0x00000000c6100000, 0x00000000c6100000| Untracked 
|  16|0x00000000c6200000, 0x00000000c6200000, 0x00000000c6300000|  0%| F|  |TAMS 0x00000000c6200000, 0x00000000c6200000| Untracked 
|  17|0x00000000c6300000, 0x00000000c6300000, 0x00000000c6400000|  0%| F|  |TAMS 0x00000000c6300000, 0x00000000c6300000| Untracked 
|  18|0x00000000c6400000, 0x00000000c6400000, 0x00000000c6500000|  0%| F|  |TAMS 0x00000000c6400000, 0x00000000c6400000| Untracked 
|  19|0x00000000c6500000, 0x00000000c6500000, 0x00000000c6600000|  0%| F|  |TAMS 0x00000000c6500000, 0x00000000c6500000| Untracked 
|  20|0x00000000c6600000, 0x00000000c6600000, 0x00000000c6700000|  0%| F|  |TAMS 0x00000000c6600000, 0x00000000c6600000| Untracked 
|  21|0x00000000c6700000, 0x00000000c6700000, 0x00000000c6800000|  0%| F|  |TAMS 0x00000000c6700000, 0x00000000c6700000| Untracked 
|  22|0x00000000c6800000, 0x00000000c6800000, 0x00000000c6900000|  0%| F|  |TAMS 0x00000000c6800000, 0x00000000c6800000| Untracked 
|  23|0x00000000c6900000, 0x00000000c6900000, 0x00000000c6a00000|  0%| F|  |TAMS 0x00000000c6900000, 0x00000000c6900000| Untracked 
|  24|0x00000000c6a00000, 0x00000000c6a00000, 0x00000000c6b00000|  0%| F|  |TAMS 0x00000000c6a00000, 0x00000000c6a00000| Untracked 
|  25|0x00000000c6b00000, 0x00000000c6b00000, 0x00000000c6c00000|  0%| F|  |TAMS 0x00000000c6b00000, 0x00000000c6b00000| Untracked 
|  26|0x00000000c6c00000, 0x00000000c6c00000, 0x00000000c6d00000|  0%| F|  |TAMS 0x00000000c6c00000, 0x00000000c6c00000| Untracked 
|  27|0x00000000c6d00000, 0x00000000c6d00000, 0x00000000c6e00000|  0%| F|  |TAMS 0x00000000c6d00000, 0x00000000c6d00000| Untracked 
|  28|0x00000000c6e00000, 0x00000000c6e00000, 0x00000000c6f00000|  0%| F|  |TAMS 0x00000000c6e00000, 0x00000000c6e00000| Untracked 
|  29|0x00000000c6f00000, 0x00000000c6f00000, 0x00000000c7000000|  0%| F|  |TAMS 0x00000000c6f00000, 0x00000000c6f00000| Untracked 
|  30|0x00000000c7000000, 0x00000000c7000000, 0x00000000c7100000|  0%| F|  |TAMS 0x00000000c7000000, 0x00000000c7000000| Untracked 
|  31|0x00000000c7100000, 0x00000000c7100000, 0x00000000c7200000|  0%| F|  |TAMS 0x00000000c7100000, 0x00000000c7100000| Untracked 
|  32|0x00000000c7200000, 0x00000000c7200000, 0x00000000c7300000|  0%| F|  |TAMS 0x00000000c7200000, 0x00000000c7200000| Untracked 
|  33|0x00000000c7300000, 0x00000000c7300000, 0x00000000c7400000|  0%| F|  |TAMS 0x00000000c7300000, 0x00000000c7300000| Untracked 
|  34|0x00000000c7400000, 0x00000000c7400000, 0x00000000c7500000|  0%| F|  |TAMS 0x00000000c7400000, 0x00000000c7400000| Untracked 
|  35|0x00000000c7500000, 0x00000000c7500000, 0x00000000c7600000|  0%| F|  |TAMS 0x00000000c7500000, 0x00000000c7500000| Untracked 
|  36|0x00000000c7600000, 0x00000000c7600000, 0x00000000c7700000|  0%| F|  |TAMS 0x00000000c7600000, 0x00000000c7600000| Untracked 
|  37|0x00000000c7700000, 0x00000000c7700000, 0x00000000c7800000|  0%| F|  |TAMS 0x00000000c7700000, 0x00000000c7700000| Untracked 
|  38|0x00000000c7800000, 0x00000000c7800000, 0x00000000c7900000|  0%| F|  |TAMS 0x00000000c7800000, 0x00000000c7800000| Untracked 
|  39|0x00000000c7900000, 0x00000000c7900000, 0x00000000c7a00000|  0%| F|  |TAMS 0x00000000c7900000, 0x00000000c7900000| Untracked 
|  40|0x00000000c7a00000, 0x00000000c7a00000, 0x00000000c7b00000|  0%| F|  |TAMS 0x00000000c7a00000, 0x00000000c7a00000| Untracked 
|  41|0x00000000c7b00000, 0x00000000c7b00000, 0x00000000c7c00000|  0%| F|  |TAMS 0x00000000c7b00000, 0x00000000c7b00000| Untracked 
|  42|0x00000000c7c00000, 0x00000000c7c00000, 0x00000000c7d00000|  0%| F|  |TAMS 0x00000000c7c00000, 0x00000000c7c00000| Untracked 
|  43|0x00000000c7d00000, 0x00000000c7d00000, 0x00000000c7e00000|  0%| F|  |TAMS 0x00000000c7d00000, 0x00000000c7d00000| Untracked 
|  44|0x00000000c7e00000, 0x00000000c7e00000, 0x00000000c7f00000|  0%| F|  |TAMS 0x00000000c7e00000, 0x00000000c7e00000| Untracked 
|  45|0x00000000c7f00000, 0x00000000c8000000, 0x00000000c8000000|100%| S|CS|TAMS 0x00000000c7f00000, 0x00000000c7f00000| Complete 
|  46|0x00000000c8000000, 0x00000000c8100000, 0x00000000c8100000|100%| S|CS|TAMS 0x00000000c8000000, 0x00000000c8000000| Complete 
|  47|0x00000000c8100000, 0x00000000c8100000, 0x00000000c8200000|  0%| F|  |TAMS 0x00000000c8100000, 0x00000000c8100000| Untracked 
|  48|0x00000000c8200000, 0x00000000c8200000, 0x00000000c8300000|  0%| F|  |TAMS 0x00000000c8200000, 0x00000000c8200000| Untracked 
|  49|0x00000000c8300000, 0x00000000c8300000, 0x00000000c8400000|  0%| F|  |TAMS 0x00000000c8300000, 0x00000000c8300000| Untracked 
|  50|0x00000000c8400000, 0x00000000c8400000, 0x00000000c8500000|  0%| F|  |TAMS 0x00000000c8400000, 0x00000000c8400000| Untracked 
|  51|0x00000000c8500000, 0x00000000c8600000, 0x00000000c8600000|100%| E|  |TAMS 0x00000000c8500000, 0x00000000c8500000| Complete 
|  52|0x00000000c8600000, 0x00000000c8700000, 0x00000000c8700000|100%| E|CS|TAMS 0x00000000c8600000, 0x00000000c8600000| Complete 
|  53|0x00000000c8700000, 0x00000000c8800000, 0x00000000c8800000|100%| E|CS|TAMS 0x00000000c8700000, 0x00000000c8700000| Complete 
|  54|0x00000000c8800000, 0x00000000c8900000, 0x00000000c8900000|100%| E|CS|TAMS 0x00000000c8800000, 0x00000000c8800000| Complete 
|  55|0x00000000c8900000, 0x00000000c8a00000, 0x00000000c8a00000|100%| E|CS|TAMS 0x00000000c8900000, 0x00000000c8900000| Complete 
|  56|0x00000000c8a00000, 0x00000000c8b00000, 0x00000000c8b00000|100%| E|CS|TAMS 0x00000000c8a00000, 0x00000000c8a00000| Complete 
|  57|0x00000000c8b00000, 0x00000000c8c00000, 0x00000000c8c00000|100%| E|CS|TAMS 0x00000000c8b00000, 0x00000000c8b00000| Complete 
|  58|0x00000000c8c00000, 0x00000000c8d00000, 0x00000000c8d00000|100%| E|CS|TAMS 0x00000000c8c00000, 0x00000000c8c00000| Complete 
|  59|0x00000000c8d00000, 0x00000000c8e00000, 0x00000000c8e00000|100%| E|CS|TAMS 0x00000000c8d00000, 0x00000000c8d00000| Complete 

Card table byte_map: [0x00000285c3e40000,0x00000285c4020000] _byte_map_base: 0x00000285c3817000

Marking Bits (Prev, Next): (CMBitMap*) 0x00000285acd42cf0, (CMBitMap*) 0x00000285acd42d30
 Prev Bits: [0x00000285c4200000, 0x00000285c50b8000)
 Next Bits: [0x00000285c50c0000, 0x00000285c5f78000)

Polling page: 0x00000285ac4c0000

Metaspace:

Usage:
  Non-class:      5.70 MB used.
      Class:    746.45 KB used.
       Both:      6.43 MB used.

Virtual space:
  Non-class space:       64.00 MB reserved,       5.81 MB (  9%) committed,  1 nodes.
      Class space:        1.00 GB reserved,     896.00 KB ( <1%) committed,  1 nodes.
             Both:        1.06 GB reserved,       6.69 MB ( <1%) committed. 

Chunk freelists:
   Non-Class:  1.07 MB
       Class:  2.98 MB
        Both:  4.05 MB

MaxMetaspaceSize: unlimited
CompressedClassSpaceSize: 1.00 GB
Initial GC threshold: 21.00 MB
Current GC threshold: 21.00 MB
CDS: on
MetaspaceReclaimPolicy: balanced
 - commit_granule_bytes: 65536.
 - commit_granule_words: 8192.
 - virtual_space_node_default_size: 8388608.
 - enlarge_chunks_in_place: 1.
 - new_chunks_are_fully_committed: 0.
 - uncommit_free_chunks: 1.
 - use_allocation_guard: 0.


Internal statistics:

num_allocs_failed_limit: 0.
num_arena_births: 160.
num_arena_deaths: 0.
num_vsnodes_births: 2.
num_vsnodes_deaths: 0.
num_space_committed: 107.
num_space_uncommitted: 0.
num_chunks_returned_to_freelist: 0.
num_chunks_taken_from_freelist: 335.
num_chunk_merges: 0.
num_chunk_splits: 211.
num_chunks_enlarged: 159.
num_inconsistent_stats: 0.

CodeHeap 'non-profiled nmethods': size=120000Kb used=407Kb max_used=407Kb free=119592Kb
 bounds [0x00000285bc730000, 0x00000285bc9a0000, 0x00000285c3c60000]
CodeHeap 'profiled nmethods': size=120000Kb used=2107Kb max_used=2107Kb free=117892Kb
 bounds [0x00000285b4c60000, 0x00000285b4ed0000, 0x00000285bc190000]
CodeHeap 'non-nmethods': size=5760Kb used=1243Kb max_used=1258Kb free=4517Kb
 bounds [0x00000285bc190000, 0x00000285bc400000, 0x00000285bc730000]
 total_blobs=1656 nmethods=1199 adapters=369
 compilation: enabled
              stopped_count=0, restarted_count=0
 full_count=0

Compilation events (20 events):
Event: 2.923 Thread 0x00000285c8491630 nmethod 1162 0x00000285b4e5b590 code [0x00000285b4e5b760, 0x00000285b4e5b9b8]
Event: 2.923 Thread 0x00000285c8491630 1165       3       org.springframework.core.convert.converter.GenericConverter$ConvertiblePair::hashCode (19 bytes)
Event: 2.923 Thread 0x00000285c8491630 nmethod 1165 0x00000285b4e5bb10 code [0x00000285b4e5bcc0, 0x00000285b4e5bf58]
Event: 2.923 Thread 0x00000285c8491630 1163       3       org.springframework.util.ConcurrentReferenceHashMap$Segment::getReference (55 bytes)
Event: 2.924 Thread 0x00000285c8491630 nmethod 1163 0x00000285b4e5c090 code [0x00000285b4e5c260, 0x00000285b4e5c558]
Event: 2.924 Thread 0x00000285c8491630 1166       3       org.springframework.core.convert.support.GenericConversionService$Converters::getMatchableConverters (19 bytes)
Event: 2.924 Thread 0x00000285c8491630 nmethod 1166 0x00000285b4e5c710 code [0x00000285b4e5c8e0, 0x00000285b4e5cd28]
Event: 2.925 Thread 0x00000285c8491630 1168       3       org.springframework.core.ResolvableType::calculateHashCode (80 bytes)
Event: 2.925 Thread 0x00000285c8491630 nmethod 1168 0x00000285b4e5ce90 code [0x00000285b4e5d080, 0x00000285b4e5d4d8]
Event: 2.925 Thread 0x00000285c8491630 1167       3       org.springframework.core.convert.converter.GenericConverter$ConvertiblePair::<init> (27 bytes)
Event: 2.926 Thread 0x00000285c8491630 nmethod 1167 0x00000285b4e5d690 code [0x00000285b4e5d880, 0x00000285b4e5dd78]
Event: 2.926 Thread 0x00000285c8491630 1171       3       org.springframework.util.ConcurrentReferenceHashMap::get (37 bytes)
Event: 2.927 Thread 0x00000285c8491630 nmethod 1171 0x00000285b4e5df10 code [0x00000285b4e5e100, 0x00000285b4e5e4f8]
Event: 2.927 Thread 0x00000285c8491630 1169       1       org.springframework.util.ConcurrentReferenceHashMap$Entry::getKey (5 bytes)
Event: 2.927 Thread 0x00000285c8491630 nmethod 1169 0x00000285bc793c10 code [0x00000285bc793da0, 0x00000285bc793e58]
Event: 2.927 Thread 0x00000285c8491630 1170       1       org.springframework.util.ConcurrentReferenceHashMap$Entry::getValue (5 bytes)
Event: 2.927 Thread 0x00000285c8491630 nmethod 1170 0x00000285bc793f10 code [0x00000285bc7940a0, 0x00000285bc794158]
Event: 2.927 Thread 0x00000285c8491630 1172       3       java.lang.invoke.VarHandleGuards::guard_LLL_Z (86 bytes)
Event: 2.930 Thread 0x00000285c8491630 nmethod 1172 0x00000285b4e5e690 code [0x00000285b4e5e9c0, 0x00000285b4e60398]
Event: 2.931 Thread 0x00000285c8491630 1175       3       org.springframework.core.ResolvableType::equals (143 bytes)

GC Heap History (2 events):
Event: 2.153 GC heap before
{Heap before GC invocations=0 (full 0):
 garbage-first heap   total 61440K, used 13312K [0x00000000c5200000, 0x0000000100000000)
  region size 1024K, 13 young (13312K), 0 survivors (0K)
 Metaspace       used 3455K, committed 3648K, reserved 1114112K
  class space    used 345K, committed 448K, reserved 1048576K
}
Event: 2.166 GC heap after
{Heap after GC invocations=1 (full 0):
 garbage-first heap   total 61440K, used 6453K [0x00000000c5200000, 0x0000000100000000)
  region size 1024K, 2 young (2048K), 2 survivors (2048K)
 Metaspace       used 3455K, committed 3648K, reserved 1114112K
  class space    used 345K, committed 448K, reserved 1048576K
}

Dll operation events (9 events):
Event: 0.062 Loaded shared library C:\Program Files\Java\jdk-19\bin\java.dll
Event: 0.089 Loaded shared library C:\Program Files\Java\jdk-19\bin\jsvml.dll
Event: 0.833 Loaded shared library C:\Program Files\Java\jdk-19\bin\zip.dll
Event: 0.845 Loaded shared library C:\Program Files\Java\jdk-19\bin\instrument.dll
Event: 0.864 Loaded shared library C:\Program Files\Java\jdk-19\bin\net.dll
Event: 0.869 Loaded shared library C:\Program Files\Java\jdk-19\bin\nio.dll
Event: 0.886 Loaded shared library C:\Program Files\Java\jdk-19\bin\zip.dll
Event: 1.426 Loaded shared library C:\Program Files\Java\jdk-19\bin\extnet.dll
Event: 1.542 Loaded shared library C:\Program Files\Java\jdk-19\bin\jimage.dll

Deoptimization events (20 events):
Event: 2.572 Thread 0x00000285acd04f90 DEOPT PACKING pc=0x00000285bc78082c sp=0x000000a6c0efdc80
Event: 2.573 Thread 0x00000285acd04f90 DEOPT UNPACKING pc=0x00000285bc1f6d9d sp=0x000000a6c0efdbb0 mode 2
Event: 2.573 Thread 0x00000285acd04f90 Uncommon trap: trap_request=0xffffffc6 fr.pc=0x00000285bc78082c relative=0x0000000000000b8c
Event: 2.573 Thread 0x00000285acd04f90 Uncommon trap: reason=bimorphic_or_optimized_type_check action=maybe_recompile pc=0x00000285bc78082c method=java.util.HashMap.putVal(ILjava/lang/Object;Ljava/lang/Object;ZZ)Ljava/lang/Object; @ 56 c2
Event: 2.573 Thread 0x00000285acd04f90 DEOPT PACKING pc=0x00000285bc78082c sp=0x000000a6c0efdc80
Event: 2.573 Thread 0x00000285acd04f90 DEOPT UNPACKING pc=0x00000285bc1f6d9d sp=0x000000a6c0efdbb0 mode 2
Event: 2.573 Thread 0x00000285acd04f90 Uncommon trap: trap_request=0xffffffc6 fr.pc=0x00000285bc78082c relative=0x0000000000000b8c
Event: 2.573 Thread 0x00000285acd04f90 Uncommon trap: reason=bimorphic_or_optimized_type_check action=maybe_recompile pc=0x00000285bc78082c method=java.util.HashMap.putVal(ILjava/lang/Object;Ljava/lang/Object;ZZ)Ljava/lang/Object; @ 56 c2
Event: 2.573 Thread 0x00000285acd04f90 DEOPT PACKING pc=0x00000285bc78082c sp=0x000000a6c0efdc80
Event: 2.573 Thread 0x00000285acd04f90 DEOPT UNPACKING pc=0x00000285bc1f6d9d sp=0x000000a6c0efdbb0 mode 2
Event: 2.573 Thread 0x00000285acd04f90 Uncommon trap: trap_request=0xffffffc6 fr.pc=0x00000285bc780848 relative=0x0000000000000ba8
Event: 2.573 Thread 0x00000285acd04f90 Uncommon trap: reason=bimorphic_or_optimized_type_check action=maybe_recompile pc=0x00000285bc780848 method=java.util.HashMap.putVal(ILjava/lang/Object;Ljava/lang/Object;ZZ)Ljava/lang/Object; @ 152 c2
Event: 2.573 Thread 0x00000285acd04f90 DEOPT PACKING pc=0x00000285bc780848 sp=0x000000a6c0efdc80
Event: 2.573 Thread 0x00000285acd04f90 DEOPT UNPACKING pc=0x00000285bc1f6d9d sp=0x000000a6c0efdbb8 mode 2
Event: 2.573 Thread 0x00000285acd04f90 Uncommon trap: trap_request=0xffffffc6 fr.pc=0x00000285bc78082c relative=0x0000000000000b8c
Event: 2.573 Thread 0x00000285acd04f90 Uncommon trap: reason=bimorphic_or_optimized_type_check action=maybe_recompile pc=0x00000285bc78082c method=java.util.HashMap.putVal(ILjava/lang/Object;Ljava/lang/Object;ZZ)Ljava/lang/Object; @ 56 c2
Event: 2.573 Thread 0x00000285acd04f90 DEOPT PACKING pc=0x00000285bc78082c sp=0x000000a6c0efdc80
Event: 2.573 Thread 0x00000285acd04f90 DEOPT UNPACKING pc=0x00000285bc1f6d9d sp=0x000000a6c0efdbb0 mode 2
Event: 2.632 Thread 0x00000285acd04f90 DEOPT PACKING pc=0x00000285b4cf2121 sp=0x000000a6c0efdee0
Event: 2.632 Thread 0x00000285acd04f90 DEOPT UNPACKING pc=0x00000285bc1f7524 sp=0x000000a6c0efd3e8 mode 0

Classes loaded (20 events):
Event: 2.827 Loading class java/util/ConcurrentModificationException
Event: 2.827 Loading class java/util/ConcurrentModificationException done
Event: 2.828 Loading class java/util/concurrent/ConcurrentHashMap$KeySpliterator
Event: 2.829 Loading class java/util/concurrent/ConcurrentHashMap$KeySpliterator done
Event: 2.848 Loading class java/lang/ProcessEnvironment$CheckedKeySet
Event: 2.848 Loading class java/lang/ProcessEnvironment$CheckedKeySet done
Event: 2.852 Loading class java/util/stream/MatchOps$MatchKind
Event: 2.852 Loading class java/util/stream/MatchOps$MatchKind done
Event: 2.852 Loading class java/util/stream/MatchOps
Event: 2.852 Loading class java/util/stream/MatchOps done
Event: 2.852 Loading class java/util/stream/MatchOps$MatchOp
Event: 2.853 Loading class java/util/stream/MatchOps$MatchOp done
Event: 2.853 Loading class java/util/stream/MatchOps$BooleanTerminalSink
Event: 2.853 Loading class java/util/stream/MatchOps$BooleanTerminalSink done
Event: 2.854 Loading class java/util/stream/MatchOps$2MatchSink
Event: 2.855 Loading class java/util/stream/MatchOps$2MatchSink done
Event: 2.903 Loading class java/beans/PropertyEditorSupport
Event: 2.904 Loading class java/beans/PropertyEditor
Event: 2.904 Loading class java/beans/PropertyEditor done
Event: 2.904 Loading class java/beans/PropertyEditorSupport done

Classes unloaded (0 events):
No events

Classes redefined (0 events):
No events

Internal exceptions (20 events):
Event: 1.381 Thread 0x00000285acd04f90 Exception <a 'java/lang/NoSuchMethodError'{0x00000000c87dced0}: 'void java.lang.invoke.DirectMethodHandle$Holder.invokeStatic(java.lang.Object, java.lang.Object, java.lang.Object)'> (0x00000000c87dced0) 
thrown [s\open\src\hotspot\share\interpreter\linkResolver.cpp, line 774]
Event: 1.395 Thread 0x00000285acd04f90 Exception <a 'java/lang/NoSuchMethodError'{0x00000000c87f54c8}: 'java.lang.Object java.lang.invoke.Invokers$Holder.invokeExact_MT(java.lang.Object, java.lang.Object, java.lang.Object, java.lang.Object, java.lang.Object)'> (0x00000000c87f54c8) 
thrown [s\open\src\hotspot\share\interpreter\linkResolver.cpp, line 774]
Event: 1.430 Thread 0x00000285ccad0220 Exception <a 'java/lang/NoSuchMethodError'{0x00000000c864a3e0}: 'void java.lang.invoke.DirectMethodHandle$Holder.invokeStatic(java.lang.Object, java.lang.Object)'> (0x00000000c864a3e0) 
thrown [s\open\src\hotspot\share\interpreter\linkResolver.cpp, line 774]
Event: 1.679 Thread 0x00000285acd04f90 Exception <a 'java/lang/ClassNotFoundException'{0x00000000c8402d98}: javax/smartcardio/CardPermission> (0x00000000c8402d98) 
thrown [s\open\src\hotspot\share\classfile\systemDictionary.cpp, line 255]
Event: 1.691 Thread 0x00000285acd04f90 Exception <a 'java/io/FileNotFoundException'{0x00000000c84114b0}> (0x00000000c84114b0) 
thrown [s\open\src\hotspot\share\prims\jni.cpp, line 517]
Event: 1.760 Thread 0x00000285acd04f90 Exception <a 'java/lang/NoSuchMethodError'{0x00000000c8495e20}: 'java.lang.Object java.lang.invoke.DirectMethodHandle$Holder.invokeSpecial(java.lang.Object, java.lang.Object, java.lang.Object, long, java.lang.Object)'> (0x00000000c8495e20) 
thrown [s\open\src\hotspot\share\interpreter\linkResolver.cpp, line 774]
Event: 1.761 Thread 0x00000285acd04f90 Exception <a 'java/lang/NoSuchMethodError'{0x00000000c8499a00}: 'java.lang.Object java.lang.invoke.Invokers$Holder.linkToTargetMethod(java.lang.Object, long, java.lang.Object, java.lang.Object)'> (0x00000000c8499a00) 
thrown [s\open\src\hotspot\share\interpreter\linkResolver.cpp, line 774]
Event: 1.993 Thread 0x00000285acd04f90 Exception <a 'java/lang/NoSuchMethodError'{0x00000000c8276630}: 'void java.lang.invoke.DirectMethodHandle$Holder.invokeStatic(java.lang.Object, java.lang.Object, java.lang.Object, java.lang.Object)'> (0x00000000c8276630) 
thrown [s\open\src\hotspot\share\interpreter\linkResolver.cpp, line 774]
Event: 2.098 Thread 0x00000285acd04f90 Exception <a 'java/lang/NoSuchMethodError'{0x00000000c816f698}: 'int java.lang.invoke.DirectMethodHandle$Holder.invokeStaticInit(java.lang.Object, java.lang.Object)'> (0x00000000c816f698) 
thrown [s\open\src\hotspot\share\interpreter\linkResolver.cpp, line 774]
Event: 2.127 Thread 0x00000285acd04f90 Exception <a 'java/lang/NoSuchMethodError'{0x00000000c81a9108}: 'void java.lang.invoke.DirectMethodHandle$Holder.invokeInterface(java.lang.Object, java.lang.Object, java.lang.Object, java.lang.Object)'> (0x00000000c81a9108) 
thrown [s\open\src\hotspot\share\interpreter\linkResolver.cpp, line 774]
Event: 2.301 Thread 0x00000285acd04f90 Exception <a 'java/lang/NoSuchMethodError'{0x00000000c8c74720}: 'java.lang.Object java.lang.invoke.DirectMethodHandle$Holder.invokeInterface(java.lang.Object, java.lang.Object)'> (0x00000000c8c74720) 
thrown [s\open\src\hotspot\share\interpreter\linkResolver.cpp, line 774]
Event: 2.323 Thread 0x00000285acd04f90 Exception <a 'java/lang/NoSuchMethodError'{0x00000000c8cb7840}: 'java.lang.Object java.lang.invoke.DirectMethodHandle$Holder.invokeSpecialIFC(java.lang.Object, java.lang.Object, java.lang.Object, java.lang.Object)'> (0x00000000c8cb7840) 
thrown [s\open\src\hotspot\share\interpreter\linkResolver.cpp, line 774]
Event: 2.332 Thread 0x00000285acd04f90 Exception <a 'java/lang/NoSuchMethodError'{0x00000000c8cd1410}: 'java.lang.Object java.lang.invoke.DirectMethodHandle$Holder.invokeInterface(java.lang.Object, java.lang.Object, java.lang.Object)'> (0x00000000c8cd1410) 
thrown [s\open\src\hotspot\share\interpreter\linkResolver.cpp, line 774]
Event: 2.403 Thread 0x00000285acd04f90 Exception <a 'java/lang/NoSuchMethodError'{0x00000000c8bbab40}: 'int java.lang.invoke.DirectMethodHandle$Holder.invokeStaticInit(java.lang.Object, java.lang.Object, java.lang.Object)'> (0x00000000c8bbab40) 
thrown [s\open\src\hotspot\share\interpreter\linkResolver.cpp, line 774]
Event: 2.437 Thread 0x00000285acd04f90 Exception <a 'java/lang/NoSuchMethodError'{0x00000000c8a0d130}: 'java.lang.Object java.lang.invoke.DirectMethodHandle$Holder.newInvokeSpecial(java.lang.Object, java.lang.Object, java.lang.Object, java.lang.Object, java.lang.Object)'> (0x00000000c8a0d130) 
thrown [s\open\src\hotspot\share\interpreter\linkResolver.cpp, line 774]
Event: 2.456 Thread 0x00000285acd04f90 Exception <a 'java/lang/NoSuchMethodError'{0x00000000c8a5b1e0}: 'java.lang.Object java.lang.invoke.DirectMethodHandle$Holder.invokeStaticInit(java.lang.Object, java.lang.Object, java.lang.Object)'> (0x00000000c8a5b1e0) 
thrown [s\open\src\hotspot\share\interpreter\linkResolver.cpp, line 774]
Event: 2.516 Thread 0x00000285acd04f90 Exception <a 'java/lang/IncompatibleClassChangeError'{0x00000000c8ad28b0}: Found class java.lang.Object, but interface was expected> (0x00000000c8ad28b0) 
thrown [s\open\src\hotspot\share\interpreter\linkResolver.cpp, line 841]
Event: 2.559 Thread 0x00000285acd04f90 Exception <a 'java/lang/NoSuchMethodError'{0x00000000c892ea38}: 'java.lang.Object java.lang.invoke.DirectMethodHandle$Holder.invokeStaticInit(java.lang.Object)'> (0x00000000c892ea38) 
thrown [s\open\src\hotspot\share\interpreter\linkResolver.cpp, line 774]
Event: 2.568 Thread 0x00000285acd04f90 Exception <a 'sun/nio/fs/WindowsException'{0x00000000c8943518}> (0x00000000c8943518) 
thrown [s\open\src\hotspot\share\prims\jni.cpp, line 517]
Event: 2.814 Thread 0x00000285acd04f90 Exception <a 'java/lang/NoSuchMethodError'{0x00000000c860dac8}: 'int java.lang.invoke.DirectMethodHandle$Holder.invokeSpecial(java.lang.Object, java.lang.Object, java.lang.Object)'> (0x00000000c860dac8) 
thrown [s\open\src\hotspot\share\interpreter\linkResolver.cpp, line 774]

VM Operations (20 events):
Event: 0.734 Executing VM operation: HandshakeAllThreads
Event: 0.734 Executing VM operation: HandshakeAllThreads done
Event: 1.407 Executing VM operation: HandshakeAllThreads
Event: 1.408 Executing VM operation: HandshakeAllThreads done
Event: 1.408 Executing VM operation: Cleanup
Event: 1.408 Executing VM operation: Cleanup done
Event: 1.553 Executing VM operation: HandshakeAllThreads
Event: 1.553 Executing VM operation: HandshakeAllThreads done
Event: 1.894 Executing VM operation: HandshakeAllThreads
Event: 1.894 Executing VM operation: HandshakeAllThreads done
Event: 2.153 Executing VM operation: G1CollectForAllocation
Event: 2.166 Executing VM operation: G1CollectForAllocation done
Event: 2.167 Executing VM operation: HandshakeAllThreads
Event: 2.167 Executing VM operation: HandshakeAllThreads done
Event: 2.291 Executing VM operation: HandshakeAllThreads
Event: 2.291 Executing VM operation: HandshakeAllThreads done
Event: 2.291 Executing VM operation: HandshakeAllThreads
Event: 2.291 Executing VM operation: HandshakeAllThreads done
Event: 2.572 Executing VM operation: HandshakeAllThreads
Event: 2.572 Executing VM operation: HandshakeAllThreads done

Events (15 events):
Event: 0.089 Thread 0x00000285acd04f90 Thread added: 0x00000285acd04f90
Event: 0.133 Thread 0x00000285c8424450 Thread added: 0x00000285c8424450
Event: 0.134 Thread 0x00000285c8425240 Thread added: 0x00000285c8425240
Event: 0.135 Thread 0x00000285c8427f40 Thread added: 0x00000285c8427f40
Event: 0.135 Thread 0x00000285c8429880 Thread added: 0x00000285c8429880
Event: 0.135 Thread 0x00000285c842b1c0 Thread added: 0x00000285c842b1c0
Event: 0.135 Thread 0x00000285c842baf0 Thread added: 0x00000285c842baf0
Event: 0.135 Thread 0x00000285c842c750 Thread added: 0x00000285c842c750
Event: 0.169 Thread 0x00000285c8491630 Thread added: 0x00000285c8491630
Event: 0.182 Thread 0x00000285c84a5bf0 Thread added: 0x00000285c84a5bf0
Event: 0.617 Thread 0x00000285acdad2f0 Thread added: 0x00000285acdad2f0
Event: 1.402 Thread 0x00000285ccad0220 Thread added: 0x00000285ccad0220
Event: 1.402 Thread 0x00000285ccb47510 Thread added: 0x00000285ccb47510
Event: 1.665 Thread 0x00000285ccddd420 Thread added: 0x00000285ccddd420
Event: 2.316 Thread 0x00000285ccddd420 Thread exited: 0x00000285ccddd420


Dynamic libraries:
0x00007ff7ca4b0000 - 0x00007ff7ca4c0000 	C:\Program Files\Java\jdk-19\bin\java.exe
0x00007ffa4ccf0000 - 0x00007ffa4cee8000 	C:\Windows\SYSTEM32\ntdll.dll
0x00007ffa4ad20000 - 0x00007ffa4ade2000 	C:\Windows\System32\KERNEL32.DLL
0x00007ffa4a590000 - 0x00007ffa4a886000 	C:\Windows\System32\KERNELBASE.dll
0x00007ffa4aaa0000 - 0x00007ffa4aba0000 	C:\Windows\System32\ucrtbase.dll
0x00007ffa3f6e0000 - 0x00007ffa3f6fb000 	C:\Program Files\Java\jdk-19\bin\VCRUNTIME140.dll
0x00007ffa3e6f0000 - 0x00007ffa3e708000 	C:\Program Files\Java\jdk-19\bin\jli.dll
0x00007ffa4adf0000 - 0x00007ffa4ae9f000 	C:\Windows\System32\ADVAPI32.dll
0x00007ffa4bd50000 - 0x00007ffa4bdee000 	C:\Windows\System32\msvcrt.dll
0x00007ffa4bcb0000 - 0x00007ffa4bd4f000 	C:\Windows\System32\sechost.dll
0x00007ffa4af00000 - 0x00007ffa4b023000 	C:\Windows\System32\RPCRT4.dll
0x00007ffa4acf0000 - 0x00007ffa4ad17000 	C:\Windows\System32\bcrypt.dll
0x00007ffa4cb10000 - 0x00007ffa4ccad000 	C:\Windows\System32\USER32.dll
0x00007ffa4a9f0000 - 0x00007ffa4aa12000 	C:\Windows\System32\win32u.dll
0x00007ffa4be50000 - 0x00007ffa4be7b000 	C:\Windows\System32\GDI32.dll
0x00007ffa4a390000 - 0x00007ffa4a4aa000 	C:\Windows\System32\gdi32full.dll
0x00007ffa4ac50000 - 0x00007ffa4aced000 	C:\Windows\System32\msvcp_win.dll
0x00007ffa3b3c0000 - 0x00007ffa3b3ca000 	C:\Windows\SYSTEM32\VERSION.dll
0x00007ffa3a340000 - 0x00007ffa3a5da000 	C:\Windows\WinSxS\amd64_microsoft.windows.common-controls_6595b64144ccf1df_6.0.19041.5794_none_60bcd33171f2783c\COMCTL32.dll
0x00007ffa4c850000 - 0x00007ffa4c87f000 	C:\Windows\System32\IMM32.DLL
0x00007ffa40f60000 - 0x00007ffa40f6c000 	C:\Program Files\Java\jdk-19\bin\vcruntime140_1.dll
0x00007ffa15fe0000 - 0x00007ffa1606e000 	C:\Program Files\Java\jdk-19\bin\msvcp140.dll
0x00007ff9e4c10000 - 0x00007ff9e58d0000 	C:\Program Files\Java\jdk-19\bin\server\jvm.dll
0x00007ffa407d0000 - 0x00007ffa407d9000 	C:\Windows\SYSTEM32\WSOCK32.dll
0x00007ffa4caa0000 - 0x00007ffa4cb0b000 	C:\Windows\System32\WS2_32.dll
0x00007ffa3a8e0000 - 0x00007ffa3a907000 	C:\Windows\SYSTEM32\WINMM.dll
0x00007ffa48210000 - 0x00007ffa48222000 	C:\Windows\SYSTEM32\kernel.appcore.dll
0x00007ffa40750000 - 0x00007ffa4075a000 	C:\Program Files\Java\jdk-19\bin\jimage.dll
0x00007ffa3a910000 - 0x00007ffa3ab11000 	C:\Windows\SYSTEM32\DBGHELP.DLL
0x00007ffa2aa80000 - 0x00007ffa2aab4000 	C:\Windows\SYSTEM32\dbgcore.DLL
0x00007ffa4a4b0000 - 0x00007ffa4a532000 	C:\Windows\System32\bcryptPrimitives.dll
0x00007ffa3edc0000 - 0x00007ffa3edce000 	C:\Program Files\Java\jdk-19\bin\instrument.dll
0x00007ffa27ba0000 - 0x00007ffa27bc6000 	C:\Program Files\Java\jdk-19\bin\java.dll
0x00007ffa0d490000 - 0x00007ffa0d567000 	C:\Program Files\Java\jdk-19\bin\jsvml.dll
0x00007ffa4b1b0000 - 0x00007ffa4b91e000 	C:\Windows\System32\SHELL32.dll
0x00007ffa48410000 - 0x00007ffa48bb3000 	C:\Windows\SYSTEM32\windows.storage.dll
0x00007ffa4bea0000 - 0x00007ffa4c1f3000 	C:\Windows\System32\combase.dll
0x00007ffa49d50000 - 0x00007ffa49d7b000 	C:\Windows\SYSTEM32\Wldp.dll
0x00007ffa4b030000 - 0x00007ffa4b0fd000 	C:\Windows\System32\OLEAUT32.dll
0x00007ffa4b920000 - 0x00007ffa4b9cd000 	C:\Windows\System32\SHCORE.dll
0x00007ffa4aea0000 - 0x00007ffa4aef5000 	C:\Windows\System32\shlwapi.dll
0x00007ffa4a2c0000 - 0x00007ffa4a2e5000 	C:\Windows\SYSTEM32\profapi.dll
0x00007ffa3cc70000 - 0x00007ffa3cc88000 	C:\Program Files\Java\jdk-19\bin\zip.dll
0x00007ffa3c0b0000 - 0x00007ffa3c0c3000 	C:\Program Files\Java\jdk-19\bin\net.dll
0x00007ffa44390000 - 0x00007ffa4449a000 	C:\Windows\SYSTEM32\WINHTTP.dll
0x00007ffa49a50000 - 0x00007ffa49abc000 	C:\Windows\system32\mswsock.dll
0x00007ffa2ceb0000 - 0x00007ffa2cec6000 	C:\Program Files\Java\jdk-19\bin\nio.dll
0x00007ffa3e760000 - 0x00007ffa3e768000 	C:\Program Files\Java\jdk-19\bin\extnet.dll

dbghelp: loaded successfully - version: 4.0.5 - missing functions: none
symbol engine: initialized successfully - sym options: 0x614 - pdb path: .;C:\Program Files\Java\jdk-19\bin;C:\Windows\SYSTEM32;C:\Windows\WinSxS\amd64_microsoft.windows.common-controls_6595b64144ccf1df_6.0.19041.5794_none_60bcd33171f2783c;C:\Program Files\Java\jdk-19\bin\server

VM Arguments:
jvm_args: -javaagent:C:\Program Files\JetBrains\IntelliJ IDEA Community Edition 2025.1.2\lib\idea_rt.jar=56562 -Dfile.encoding=UTF-8 -Dsun.stdout.encoding=UTF-8 -Dsun.stderr.encoding=UTF-8 
java_command: com.librarymanagement.backend.LibraryManagementBackendApplication
java_class_path (initial): D:\library-management-backend\target\classes;C:\Users\pc\.m2\repository\org\springframework\boot\spring-boot-starter-data-jpa\3.3.3\spring-boot-starter-data-jpa-3.3.3.jar;C:\Users\pc\.m2\repository\org\springframework\boot\spring-boot-starter-aop\3.3.3\spring-boot-starter-aop-3.3.3.jar;C:\Users\pc\.m2\repository\org\aspectj\aspectjweaver\1.9.22.1\aspectjweaver-1.9.22.1.jar;C:\Users\pc\.m2\repository\org\springframework\boot\spring-boot-starter-jdbc\3.3.3\spring-boot-starter-jdbc-3.3.3.jar;C:\Users\pc\.m2\repository\com\zaxxer\HikariCP\5.1.0\HikariCP-5.1.0.jar;C:\Users\pc\.m2\repository\org\springframework\spring-jdbc\6.1.12\spring-jdbc-6.1.12.jar;C:\Users\pc\.m2\repository\org\hibernate\orm\hibernate-core\6.5.2.Final\hibernate-core-6.5.2.Final.jar;C:\Users\pc\.m2\repository\jakarta\persistence\jakarta.persistence-api\3.1.0\jakarta.persistence-api-3.1.0.jar;C:\Users\pc\.m2\repository\jakarta\transaction\jakarta.transaction-api\2.0.1\jakarta.transaction-api-2.0.1.jar;C:\Users\pc\.m2\repository\org\jboss\logging\jboss-logging\3.5.3.Final\jboss-logging-3.5.3.Final.jar;C:\Users\pc\.m2\repository\org\hibernate\common\hibernate-commons-annotations\6.0.6.Final\hibernate-commons-annotations-6.0.6.Final.jar;C:\Users\pc\.m2\repository\io\smallrye\jandex\3.1.2\jandex-3.1.2.jar;C:\Users\pc\.m2\repository\com\fasterxml\classmate\1.7.0\classmate-1.7.0.jar;C:\Users\pc\.m2\repository\net\bytebuddy\byte-buddy\1.14.19\byte-buddy-1.14.19.jar;C:\Users\pc\.m2\repository\jakarta\xml\bind\jakarta.xml.bind-api\4.0.2\jakarta.xml.bind-api-4.0.2.jar;C:\Users\pc\.m2\repository\jakarta\activation\jakarta.activation-api\2.1.3\jakarta.activation-api-2.1.3.jar;C:\Users\pc\.m2\repository\org\glassfish\jaxb\jaxb-runtime\4.0.5\jaxb-runtime-4.0.5.jar;C:\Users\pc\.m2\repository\org\glassfish\jaxb\jaxb-core\4.0.5\jaxb-core-4.0.5.jar;C:\Users\pc\.m2\repository\org\eclipse\angus\angus-activation\2.0.2\angus-activation-2.0.2.jar;C:\Users\pc\.m2\repository\org\glassfish\jaxb\txw2\4.0.5\txw2-4.0.5.jar;C:\Users\pc\.m2\repository\com\sun\istack\istack-commons-runtime\4.1.2\istack-commons-runtime-4.1.2.jar;C:\Users\pc\.m2\repository\jakarta\inject\jakarta.inject-api\2.0.1\jakarta.inject-api-2.0.1.jar;C:\Users\pc\.m2\repository\org\antlr\antlr4-runtime\4.13.0\antlr4-runtime-4.13.0.jar;C:\Users\pc\.m2\repository\org\springframework\data\spring-data-jpa\3.3.3\spring-data-jpa-3.3.3.jar;C:\Users\pc\.m2\repository\org\springframework\data\spring-data-commons\3.3.3\spring-data-commons-3.3.3.jar;C:\Users\pc\.m2\repository\org\springframework\spring-orm\6.1.12\spring-orm-6.1.12.jar;C:\Users\pc\.m2\repository\org\springframework\spring-context\6.1.12\spring-context-6.1.12.jar;C:\Users\pc\.m2\repository\org\springframework\spring-tx\6.1.12\spring-tx-6.1.12.jar;C:\Users\pc\.m2\repository\org\springframework\spring-beans\6.1.12\spring-beans-6.1.12.jar;C:\Users\pc\.m2\repository\org\springframework\spring-core\6.1.12\spring-core-6.1.12.jar;C:\Users\pc\.m2\repository\org\springframework\spring-jcl\6.1.12\spring-jcl-6.1.12.jar;C:\Users\pc\.m2\repository\jakarta\annotation\jakarta.annotation-api\2.1.1\jakarta.annotation-api-2.1.1.jar;C:\Users\pc\.m2\repository\org\slf4j\slf4j-api\2.0.16\slf4j-api-2.0.16.jar;C:\Users\pc\.m2\repository\org\springframework\spring-aspects\6.1.12\spring-aspects-6.1.12.jar;C:\Users\pc\.m2\repository\org\springframework\boot\spring-boot-starter-web\3.3.3\spring-boot-starter-web-3.3.3.jar;C:\Users\pc\.m2\repository\org\springframework\boot\spring-boot-starter\3.3.3\spring-boot-starter-3.3.3.jar;C:\Users\pc\.m2\repository\org\springframework\boot\spring-boot\3.3.3\spring-boot-3.3.3.jar;C:\Users\pc\.m2\repository\org\springframework\boot\spring-boot-autoconfigure\3.3.3\spring-boot-autoconfigure-3.3.3.jar;C:\Users\pc\.m2\repository\org\springframework\boot\spring-boot-starter-logging\3.3.3\spring-boot-starter-logging-3.3.3.jar;C:\Users\pc\.m2\repository\ch\qos\logback\logback-classic\1.5.7\logback-classic-1.5.7.jar;C:\Users\pc\.m2\repository\ch\qos\logback\logback-core\1.5.7\logback-core-1.5.7.jar;C:\Users\pc\.m2\repository\org\apache\logging\log4j\log4j-to-slf4j\2.23.1\log4j-to-slf4j-2.23.1.jar;C:\Users\pc\.m2\repository\org\apache\logging\log4j\log4j-api\2.23.1\log4j-api-2.23.1.jar;C:\Users\pc\.m2\repository\org\slf4j\jul-to-slf4j\2.0.16\jul-to-slf4j-2.0.16.jar;C:\Users\pc\.m2\repository\org\yaml\snakeyaml\2.2\snakeyaml-2.2.jar;C:\Users\pc\.m2\repository\org\springframework\boot\spring-boot-starter-json\3.3.3\spring-boot-starter-json-3.3.3.jar;C:\Users\pc\.m2\repository\com\fasterxml\jackson\datatype\jackson-datatype-jdk8\2.17.2\jackson-datatype-jdk8-2.17.2.jar;C:\Users\pc\.m2\repository\com\fasterxml\jackson\datatype\jackson-datatype-jsr310\2.17.2\jackson-datatype-jsr310-2.17.2.jar;C:\Users\pc\.m2\repository\com\fasterxml\jackson\module\jackson-module-parameter-names\2.17.2\jackson-module-parameter-names-2.17.2.jar;C:\Users\pc\.m2\repository\org\springframework\boot\spring-boot-starter-tomcat\3.3.3\spring-boot-starter-tomcat-3.3.3.jar;C:\Users\pc\.m2\repository\org\apache\tomcat\embed\tomcat-embed-core\10.1.28\tomcat-embed-core-10.1.28.jar;C:\Users\pc\.m2\repository\org\apache\tomcat\embed\tomcat-embed-websocket\10.1.28\tomcat-embed-websocket-10.1.28.jar;C:\Users\pc\.m2\repository\org\springframework\spring-web\6.1.12\spring-web-6.1.12.jar;C:\Users\pc\.m2\repository\io\micrometer\micrometer-observation\1.13.3\micrometer-observation-1.13.3.jar;C:\Users\pc\.m2\repository\io\micrometer\micrometer-commons\1.13.3\micrometer-commons-1.13.3.jar;C:\Users\pc\.m2\repository\org\springframework\spring-webmvc\6.1.12\spring-webmvc-6.1.12.jar;C:\Users\pc\.m2\repository\org\springframework\spring-expression\6.1.12\spring-expression-6.1.12.jar;C:\Users\pc\.m2\repository\org\springframework\boot\spring-boot-starter-security\3.3.3\spring-boot-starter-security-3.3.3.jar;C:\Users\pc\.m2\repository\org\springframework\spring-aop\6.1.12\spring-aop-6.1.12.jar;C:\Users\pc\.m2\repository\org\springframework\security\spring-security-config\6.3.3\spring-security-config-6.3.3.jar;C:\Users\pc\.m2\repository\org\springframework\security\spring-security-core\6.3.3\spring-security-core-6.3.3.jar;C:\Users\pc\.m2\repository\org\springframework\security\spring-security-crypto\6.3.3\spring-security-crypto-6.3.3.jar;C:\Users\pc\.m2\repository\org\springframework\security\spring-security-web\6.3.3\spring-security-web-6.3.3.jar;C:\Users\pc\.m2\repository\com\mysql\mysql-connector-j\8.3.0\mysql-connector-j-8.3.0.jar;C:\Users\pc\.m2\repository\org\projectlombok\lombok\1.18.34\lombok-1.18.34.jar;C:\Users\pc\.m2\repository\org\springframework\boot\spring-boot-starter-validation\3.3.3\spring-boot-starter-validation-3.3.3.jar;C:\Users\pc\.m2\repository\org\apache\tomcat\embed\tomcat-embed-el\10.1.28\tomcat-embed-el-10.1.28.jar;C:\Users\pc\.m2\repository\org\hibernate\validator\hibernate-validator\8.0.1.Final\hibernate-validator-8.0.1.Final.jar;C:\Users\pc\.m2\repository\jakarta\validation\jakarta.validation-api\3.0.2\jakarta.validation-api-3.0.2.jar;C:\Users\pc\.m2\repository\io\jsonwebtoken\jjwt\0.9.1\jjwt-0.9.1.jar;C:\Users\pc\.m2\repository\com\fasterxml\jackson\core\jackson-databind\2.17.2\jackson-databind-2.17.2.jar;C:\Users\pc\.m2\repository\com\fasterxml\jackson\core\jackson-annotations\2.17.2\jackson-annotations-2.17.2.jar;C:\Users\pc\.m2\repository\com\fasterxml\jackson\core\jackson-core\2.17.2\jackson-core-2.17.2.jar
Launcher Type: SUN_STANDARD

[Global flags]
     intx CICompilerCount                          = 3                                         {product} {ergonomic}
     uint ConcGCThreads                            = 1                                         {product} {ergonomic}
     uint G1ConcRefinementThreads                  = 4                                         {product} {ergonomic}
   size_t G1HeapRegionSize                         = 1048576                                   {product} {ergonomic}
    uintx GCDrainStackTargetSize                   = 64                                        {product} {ergonomic}
   size_t InitialHeapSize                          = 62914560                                  {product} {ergonomic}
   size_t MarkStackSize                            = 4194304                                   {product} {ergonomic}
   size_t MaxHeapSize                              = 987758592                                 {product} {ergonomic}
   size_t MaxNewSize                               = 592445440                                 {product} {ergonomic}
   size_t MinHeapDeltaBytes                        = 1048576                                   {product} {ergonomic}
   size_t MinHeapSize                              = 8388608                                   {product} {ergonomic}
    uintx NonNMethodCodeHeapSize                   = 5832780                                {pd product} {ergonomic}
    uintx NonProfiledCodeHeapSize                  = 122912730                              {pd product} {ergonomic}
    uintx ProfiledCodeHeapSize                     = 122912730                              {pd product} {ergonomic}
    uintx ReservedCodeCacheSize                    = 251658240                              {pd product} {ergonomic}
     bool SegmentedCodeCache                       = true                                      {product} {ergonomic}
   size_t SoftMaxHeapSize                          = 987758592                              {manageable} {ergonomic}
     bool UseCompressedClassPointers               = true                           {product lp64_product} {ergonomic}
     bool UseCompressedOops                        = true                           {product lp64_product} {ergonomic}
     bool UseG1GC                                  = true                                      {product} {ergonomic}
     bool UseLargePagesIndividualAllocation        = false                                  {pd product} {ergonomic}

Logging:
Log output configuration:
 #0: stdout all=warning uptime,level,tags foldmultilines=false
 #1: stderr all=off uptime,level,tags foldmultilines=false

Environment Variables:
PATH=C:\Program Files\Common Files\Oracle\Java\javapath;C:\Windows\system32;C:\Windows;C:\Windows\System32\Wbem;C:\Windows\System32\WindowsPowerShell\v1.0\;C:\Windows\System32\OpenSSH\;C:\ProgramData\chocolatey\bin;C:\Program Files\Microsoft SQL Server\Client SDK\ODBC\170\Tools\Binn\;C:\Program Files (x86)\Microsoft SQL Server\150\Tools\Binn\;C:\Program Files\Microsoft SQL Server\150\Tools\Binn\;C:\Program Files\Microsoft SQL Server\150\DTS\Binn\;C:\Python311;C:\Users\pc\Desktop\yuvraj\priya\Scripts;C:\Program Files\Git\cmd;C:\Program Files\nodejs\;C:\Python311;C:\Users\pc\Desktop\KHUSHI\IntelliJ IDEA 2023.1.1\bin;;C:\Program Files\JetBrains\PyCharm Community Edition 2023.2.1\bin;;C:\Users\pc\AppData\Roaming\npm;C:\Users\pc\AppData\Local\Programs\Microsoft VS Code\bin
USERNAME=pc
OS=Windows_NT
PROCESSOR_IDENTIFIER=Intel64 Family 6 Model 37 Stepping 2, GenuineIntel
TMP=C:\Users\pc\AppData\Local\Temp
TEMP=C:\Users\pc\AppData\Local\Temp



---------------  S Y S T E M  ---------------

OS:
 Windows 10 , 64 bit Build 19041 (10.0.19041.5794)
OS uptime: 1 days 8:51 hours

CPU: total 4 (initial active 4) (2 cores per cpu, 2 threads per core) family 6 model 37 stepping 2 microcode 0x11, cx8, cmov, fxsr, ht, mmx, sse, sse2, sse3, ssse3, sse4.1, sse4.2, popcnt, tsc, tscinvbit, clflush, rdtscp

Memory: 4k page, system-wide physical 3764M (405M free)
TotalPageFile size 11264M (AvailPageFile size 0M)
current process WorkingSet (physical memory assigned to process): 72M, peak: 72M
current process commit charge ("private bytes"): 150M, peak: 150M

vm_info: Java HotSpot(TM) 64-Bit Server VM (19.0.2+7-44) for windows-amd64 JRE (19.0.2+7-44), built on 2022-11-30T18:02:09Z by "mach5one" with MS VC++ 17.1 (VS2022)

END.
