#
# There is insufficient memory for the Java Runtime Environment to continue.
# Native memory allocation (malloc) failed to allocate 1830944 bytes for Chunk::new
# Possible reasons:
#   The system is out of physical RAM or swap space
#   The process is running with CompressedOops enabled, and the Java Heap may be blocking the growth of the native heap
# Possible solutions:
#   Reduce memory load on the system
#   Increase physical memory or swap space
#   Check if swap backing store is full
#   Decrease Java heap size (-Xmx/-Xms)
#   Decrease number of Java threads
#   Decrease Java thread stack sizes (-Xss)
#   Set larger code cache with -XX:ReservedCodeCacheSize=
#   JVM is running with Unscaled Compressed Oops mode in which the Java heap is
#     placed in the first 4GB address space. The Java Heap base address is the
#     maximum limit for the native heap growth. Please use -XX:HeapBaseMinAddress
#     to set the Java Heap base and to place the Java Heap above 4GB virtual address.
# This output file may be truncated or incomplete.
#
#  Out of Memory Error (arena.cpp:184), pid=3360, tid=6932
#
# JRE version: Java(TM) SE Runtime Environment (19.0.2+7) (build 19.0.2+7-44)
# Java VM: Java HotSpot(TM) 64-Bit Server VM (19.0.2+7-44, mixed mode, sharing, tiered, compressed oops, compressed class ptrs, g1 gc, windows-amd64)
# No core dump will be written. Minidumps are not enabled by default on client versions of Windows
#

---------------  S U M M A R Y ------------

Command Line: -javaagent:C:\Program Files\JetBrains\IntelliJ IDEA Community Edition 2025.1.2\lib\idea_rt.jar=56577 -Dfile.encoding=UTF-8 -Dsun.stdout.encoding=UTF-8 -Dsun.stderr.encoding=UTF-8 com.librarymanagement.backend.LibraryManagementBackendApplication

Host: Intel(R) Core(TM) i3 CPU       M 330  @ 2.13GHz, 4 cores, 3G,  Windows 10 , 64 bit Build 19041 (10.0.19041.5794)
Time: Sun Jun  8 20:38:39 2025 India Standard Time elapsed time: 13.483732 seconds (0d 0h 0m 13s)

---------------  T H R E A D  ---------------

Current thread (0x000002e341e9c350):  JavaThread "C2 CompilerThread0" daemon [_thread_in_native, id=6932, stack(0x000000fa8f700000,0x000000fa8f800000)]


Current CompileTask:
C2:  13483 4088   !   4       jdk.internal.loader.BuiltinClassLoader::loadClassOrNull (143 bytes)

Stack: [0x000000fa8f700000,0x000000fa8f800000]
Native frames: (J=compiled Java code, j=interpreted, Vv=VM code, C=native code)
V  [jvm.dll+0x6ee21a]
V  [jvm.dll+0x85765e]
V  [jvm.dll+0x85904e]
V  [jvm.dll+0x859703]
V  [jvm.dll+0x28298f]
V  [jvm.dll+0xc9adf]
V  [jvm.dll+0xc9e65]
V  [jvm.dll+0x3bca4c]
V  [jvm.dll+0x3860e1]
V  [jvm.dll+0x38555a]
V  [jvm.dll+0x24c3d9]
V  [jvm.dll+0x24b781]
V  [jvm.dll+0x1d6ce1]
V  [jvm.dll+0x25b25a]
V  [jvm.dll+0x2596e8]
V  [jvm.dll+0x807588]
V  [jvm.dll+0x80125a]
V  [jvm.dll+0x6ecf0b]
C  [ucrtbase.dll+0x21bb2]
C  [KERNEL32.DLL+0x17374]
C  [ntdll.dll+0x4cc91]


---------------  P R O C E S S  ---------------

Threads class SMR info:
_java_thread_list=0x000002e347e1c4c0, length=17, elements={
0x000002e3248824f0, 0x000002e341e96020, 0x000002e341e96db0, 0x000002e341e97b40,
0x000002e341e99480, 0x000002e341e9adc0, 0x000002e341e9b6f0, 0x000002e341e9c350,
0x000002e341eff030, 0x000002e341f095b0, 0x000002e341f5d4b0, 0x000002e346419240,
0x000002e346419780, 0x000002e3486db580, 0x000002e3468617f0, 0x000002e347b5c550,
0x000002e347b5ca90
}

Java Threads: ( => current thread )
  0x000002e3248824f0 JavaThread "main" [_thread_in_Java, id=11100, stack(0x000000fa8ea00000,0x000000fa8eb00000)]
  0x000002e341e96020 JavaThread "Reference Handler" daemon [_thread_blocked, id=8184, stack(0x000000fa8f100000,0x000000fa8f200000)]
  0x000002e341e96db0 JavaThread "Finalizer" daemon [_thread_blocked, id=852, stack(0x000000fa8f200000,0x000000fa8f300000)]
  0x000002e341e97b40 JavaThread "Signal Dispatcher" daemon [_thread_blocked, id=5140, stack(0x000000fa8f300000,0x000000fa8f400000)]
  0x000002e341e99480 JavaThread "Attach Listener" daemon [_thread_blocked, id=10508, stack(0x000000fa8f400000,0x000000fa8f500000)]
  0x000002e341e9adc0 JavaThread "Service Thread" daemon [_thread_blocked, id=11768, stack(0x000000fa8f500000,0x000000fa8f600000)]
  0x000002e341e9b6f0 JavaThread "Monitor Deflation Thread" daemon [_thread_blocked, id=12256, stack(0x000000fa8f600000,0x000000fa8f700000)]
=>0x000002e341e9c350 JavaThread "C2 CompilerThread0" daemon [_thread_in_native, id=6932, stack(0x000000fa8f700000,0x000000fa8f800000)]
  0x000002e341eff030 JavaThread "C1 CompilerThread0" daemon [_thread_blocked, id=9556, stack(0x000000fa8f800000,0x000000fa8f900000)]
  0x000002e341f095b0 JavaThread "Sweeper thread" daemon [_thread_blocked, id=1084, stack(0x000000fa8f900000,0x000000fa8fa00000)]
  0x000002e341f5d4b0 JavaThread "Common-Cleaner" daemon [_thread_blocked, id=10580, stack(0x000000fa8fa00000,0x000000fa8fb00000)]
  0x000002e346419240 JavaThread "Monitor Ctrl-Break" daemon [_thread_in_native, id=332, stack(0x000000fa8fb00000,0x000000fa8fc00000)]
  0x000002e346419780 JavaThread "Notification Thread" daemon [_thread_blocked, id=12468, stack(0x000000fa8fc00000,0x000000fa8fd00000)]
  0x000002e3486db580 JavaThread "Catalina-utility-1" [_thread_blocked, id=12676, stack(0x000000fa90100000,0x000000fa90200000)]
  0x000002e3468617f0 JavaThread "Catalina-utility-2" [_thread_blocked, id=6040, stack(0x000000fa90200000,0x000000fa90300000)]
  0x000002e347b5c550 JavaThread "container-0" [_thread_blocked, id=12488, stack(0x000000fa90300000,0x000000fa90400000)]
  0x000002e347b5ca90 JavaThread "mysql-cj-abandoned-connection-cleanup" daemon [_thread_blocked, id=7856, stack(0x000000fa90400000,0x000000fa90500000)]

Other Threads:
  0x000002e32493e3d0 VMThread "VM Thread" [stack: 0x000000fa8f000000,0x000000fa8f100000] [id=252]
  0x000002e34641b550 WatcherThread "VM Periodic Task Thread" [stack: 0x000000fa8fd00000,0x000000fa8fe00000] [id=6104]
  0x000002e3248bf920 WorkerThread "GC Thread#0" [stack: 0x000000fa8eb00000,0x000000fa8ec00000] [id=9608]
  0x000002e34682a980 WorkerThread "GC Thread#1" [stack: 0x000000fa8fe00000,0x000000fa8ff00000] [id=4656]
  0x000002e34682aef0 WorkerThread "GC Thread#2" [stack: 0x000000fa8ff00000,0x000000fa90000000] [id=7600]
  0x000002e3468202e0 WorkerThread "GC Thread#3" [stack: 0x000000fa90000000,0x000000fa90100000] [id=1064]
  0x000002e3248c7d40 ConcurrentGCThread "G1 Main Marker" [stack: 0x000000fa8ec00000,0x000000fa8ed00000] [id=1244]
  0x000002e3248c9820 WorkerThread "G1 Conc#0" [stack: 0x000000fa8ed00000,0x000000fa8ee00000] [id=6648]
  0x000002e32491ac90 ConcurrentGCThread "G1 Refine#0" [stack: 0x000000fa8ee00000,0x000000fa8ef00000] [id=10328]
  0x000002e32491b870 ConcurrentGCThread "G1 Service" [stack: 0x000000fa8ef00000,0x000000fa8f000000] [id=2496]

Threads with active compile tasks:
C2 CompilerThread0    13559 4088   !   4       jdk.internal.loader.BuiltinClassLoader::loadClassOrNull (143 bytes)

VM state: not at safepoint (normal execution)

VM Mutex/Monitor currently owned by a thread: None

Heap address: 0x00000000c5200000, size: 942 MB, Compressed Oops mode: 32-bit

CDS archive(s) mapped at: [0x0000000800000000-0x0000000800c40000-0x0000000800c40000), size 12845056, SharedBaseAddress: 0x0000000800000000, ArchiveRelocationMode: 0.
Compressed class space mapped at: 0x0000000801000000-0x0000000841000000, reserved size: 1073741824
Narrow klass base: 0x0000000800000000, Narrow klass shift: 0, Narrow klass range: 0x100000000

GC Precious Log:
 CardTable entry size: 512
 Card Set container configuration: InlinePtr #cards 5 size 8 Array Of Cards #cards 12 size 40 Howl #buckets 4 coarsen threshold 1843 Howl Bitmap #cards 512 size 80 coarsen threshold 460 Card regions per heap region 1 cards per card region 2048
 CPUs: 4 total, 4 available
 Memory: 3764M
 Large Page Support: Disabled
 NUMA Support: Disabled
 Compressed Oops: Enabled (32-bit)
 Heap Region Size: 1M
 Heap Min Capacity: 8M
 Heap Initial Capacity: 60M
 Heap Max Capacity: 942M
 Pre-touch: Disabled
 Parallel Workers: 4
 Concurrent Workers: 1
 Concurrent Refinement Workers: 4
 Periodic GC: Disabled

Heap:
 garbage-first heap   total 75776K, used 36348K [0x00000000c5200000, 0x0000000100000000)
  region size 1024K, 21 young (21504K), 4 survivors (4096K)
 Metaspace       used 40053K, committed 40576K, reserved 1114112K
  class space    used 5178K, committed 5440K, reserved 1048576K

Heap Regions: E=young(eden), S=young(survivor), O=old, HS=humongous(starts), HC=humongous(continues), CS=collection set, F=free, OA=open archive, CA=closed archive, TAMS=top-at-mark-start (previous, next)
|   0|0x00000000c5200000, 0x00000000c5300000, 0x00000000c5300000|100%|HS|  |TAMS 0x00000000c5300000, 0x00000000c5200000| Complete 
|   1|0x00000000c5300000, 0x00000000c5400000, 0x00000000c5400000|100%| O|  |TAMS 0x00000000c5400000, 0x00000000c5300000| Untracked 
|   2|0x00000000c5400000, 0x00000000c5500000, 0x00000000c5500000|100%| O|  |TAMS 0x00000000c5500000, 0x00000000c5400000| Untracked 
|   3|0x00000000c5500000, 0x00000000c5600000, 0x00000000c5600000|100%| O|  |TAMS 0x00000000c5600000, 0x00000000c5500000| Untracked 
|   4|0x00000000c5600000, 0x00000000c5700000, 0x00000000c5700000|100%| O|  |TAMS 0x00000000c5700000, 0x00000000c5600000| Untracked 
|   5|0x00000000c5700000, 0x00000000c5800000, 0x00000000c5800000|100%| O|  |TAMS 0x00000000c5800000, 0x00000000c5700000| Untracked 
|   6|0x00000000c5800000, 0x00000000c5900000, 0x00000000c5900000|100%| O|  |TAMS 0x00000000c5900000, 0x00000000c5800000| Untracked 
|   7|0x00000000c5900000, 0x00000000c5a00000, 0x00000000c5a00000|100%| O|  |TAMS 0x00000000c5a00000, 0x00000000c5900000| Untracked 
|   8|0x00000000c5a00000, 0x00000000c5b00000, 0x00000000c5b00000|100%| O|  |TAMS 0x00000000c5b00000, 0x00000000c5a00000| Untracked 
|   9|0x00000000c5b00000, 0x00000000c5c00000, 0x00000000c5c00000|100%| O|  |TAMS 0x00000000c5c00000, 0x00000000c5b00000| Untracked 
|  10|0x00000000c5c00000, 0x00000000c5d00000, 0x00000000c5d00000|100%| O|  |TAMS 0x00000000c5d00000, 0x00000000c5c00000| Untracked 
|  11|0x00000000c5d00000, 0x00000000c5d00000, 0x00000000c5e00000|  0%| F|  |TAMS 0x00000000c5d00000, 0x00000000c5d00000| Untracked 
|  12|0x00000000c5e00000, 0x00000000c5f00000, 0x00000000c5f00000|100%| O|  |TAMS 0x00000000c5f00000, 0x00000000c5e00000| Complete 
|  13|0x00000000c5f00000, 0x00000000c6000000, 0x00000000c6000000|100%| O|  |TAMS 0x00000000c6000000, 0x00000000c5f00000| Untracked 
|  14|0x00000000c6000000, 0x00000000c6100000, 0x00000000c6100000|100%| O|  |TAMS 0x00000000c6100000, 0x00000000c6000000| Untracked 
|  15|0x00000000c6100000, 0x00000000c6200000, 0x00000000c6200000|100%| O|  |TAMS 0x00000000c6200000, 0x00000000c6100000| Untracked 
|  16|0x00000000c6200000, 0x00000000c6200000, 0x00000000c6300000|  0%| F|  |TAMS 0x00000000c6200000, 0x00000000c6200000| Untracked 
|  17|0x00000000c6300000, 0x00000000c6300000, 0x00000000c6400000|  0%| F|  |TAMS 0x00000000c6300000, 0x00000000c6300000| Untracked 
|  18|0x00000000c6400000, 0x00000000c6400000, 0x00000000c6500000|  0%| F|  |TAMS 0x00000000c6400000, 0x00000000c6400000| Untracked 
|  19|0x00000000c6500000, 0x00000000c6500000, 0x00000000c6600000|  0%| F|  |TAMS 0x00000000c6500000, 0x00000000c6500000| Untracked 
|  20|0x00000000c6600000, 0x00000000c66ea400, 0x00000000c6700000| 91%| O|  |TAMS 0x00000000c66ea400, 0x00000000c6600000| Untracked 
|  21|0x00000000c6700000, 0x00000000c6700000, 0x00000000c6800000|  0%| F|  |TAMS 0x00000000c6700000, 0x00000000c6700000| Untracked 
|  22|0x00000000c6800000, 0x00000000c6800000, 0x00000000c6900000|  0%| F|  |TAMS 0x00000000c6800000, 0x00000000c6800000| Untracked 
|  23|0x00000000c6900000, 0x00000000c6900000, 0x00000000c6a00000|  0%| F|  |TAMS 0x00000000c6900000, 0x00000000c6900000| Untracked 
|  24|0x00000000c6a00000, 0x00000000c6a00000, 0x00000000c6b00000|  0%| F|  |TAMS 0x00000000c6a00000, 0x00000000c6a00000| Untracked 
|  25|0x00000000c6b00000, 0x00000000c6b00000, 0x00000000c6c00000|  0%| F|  |TAMS 0x00000000c6b00000, 0x00000000c6b00000| Untracked 
|  26|0x00000000c6c00000, 0x00000000c6c00000, 0x00000000c6d00000|  0%| F|  |TAMS 0x00000000c6c00000, 0x00000000c6c00000| Untracked 
|  27|0x00000000c6d00000, 0x00000000c6d00000, 0x00000000c6e00000|  0%| F|  |TAMS 0x00000000c6d00000, 0x00000000c6d00000| Untracked 
|  28|0x00000000c6e00000, 0x00000000c6e00000, 0x00000000c6f00000|  0%| F|  |TAMS 0x00000000c6e00000, 0x00000000c6e00000| Untracked 
|  29|0x00000000c6f00000, 0x00000000c6f00000, 0x00000000c7000000|  0%| F|  |TAMS 0x00000000c6f00000, 0x00000000c6f00000| Untracked 
|  30|0x00000000c7000000, 0x00000000c7000000, 0x00000000c7100000|  0%| F|  |TAMS 0x00000000c7000000, 0x00000000c7000000| Untracked 
|  31|0x00000000c7100000, 0x00000000c7100000, 0x00000000c7200000|  0%| F|  |TAMS 0x00000000c7100000, 0x00000000c7100000| Untracked 
|  32|0x00000000c7200000, 0x00000000c7200000, 0x00000000c7300000|  0%| F|  |TAMS 0x00000000c7200000, 0x00000000c7200000| Untracked 
|  33|0x00000000c7300000, 0x00000000c7300000, 0x00000000c7400000|  0%| F|  |TAMS 0x00000000c7300000, 0x00000000c7300000| Untracked 
|  34|0x00000000c7400000, 0x00000000c7400000, 0x00000000c7500000|  0%| F|  |TAMS 0x00000000c7400000, 0x00000000c7400000| Untracked 
|  35|0x00000000c7500000, 0x00000000c7500000, 0x00000000c7600000|  0%| F|  |TAMS 0x00000000c7500000, 0x00000000c7500000| Untracked 
|  36|0x00000000c7600000, 0x00000000c7600000, 0x00000000c7700000|  0%| F|  |TAMS 0x00000000c7600000, 0x00000000c7600000| Untracked 
|  37|0x00000000c7700000, 0x00000000c7700000, 0x00000000c7800000|  0%| F|  |TAMS 0x00000000c7700000, 0x00000000c7700000| Untracked 
|  38|0x00000000c7800000, 0x00000000c7800000, 0x00000000c7900000|  0%| F|  |TAMS 0x00000000c7800000, 0x00000000c7800000| Untracked 
|  39|0x00000000c7900000, 0x00000000c7900000, 0x00000000c7a00000|  0%| F|  |TAMS 0x00000000c7900000, 0x00000000c7900000| Untracked 
|  40|0x00000000c7a00000, 0x00000000c7a00000, 0x00000000c7b00000|  0%| F|  |TAMS 0x00000000c7a00000, 0x00000000c7a00000| Untracked 
|  41|0x00000000c7b00000, 0x00000000c7b00000, 0x00000000c7c00000|  0%| F|  |TAMS 0x00000000c7b00000, 0x00000000c7b00000| Untracked 
|  42|0x00000000c7c00000, 0x00000000c7c00000, 0x00000000c7d00000|  0%| F|  |TAMS 0x00000000c7c00000, 0x00000000c7c00000| Untracked 
|  43|0x00000000c7d00000, 0x00000000c7d00000, 0x00000000c7e00000|  0%| F|  |TAMS 0x00000000c7d00000, 0x00000000c7d00000| Untracked 
|  44|0x00000000c7e00000, 0x00000000c7e00000, 0x00000000c7f00000|  0%| F|  |TAMS 0x00000000c7e00000, 0x00000000c7e00000| Untracked 
|  45|0x00000000c7f00000, 0x00000000c7f00000, 0x00000000c8000000|  0%| F|  |TAMS 0x00000000c7f00000, 0x00000000c7f00000| Untracked 
|  46|0x00000000c8000000, 0x00000000c8000000, 0x00000000c8100000|  0%| F|  |TAMS 0x00000000c8000000, 0x00000000c8000000| Untracked 
|  47|0x00000000c8100000, 0x00000000c8100000, 0x00000000c8200000|  0%| F|  |TAMS 0x00000000c8100000, 0x00000000c8100000| Untracked 
|  48|0x00000000c8200000, 0x00000000c8200000, 0x00000000c8300000|  0%| F|  |TAMS 0x00000000c8200000, 0x00000000c8200000| Untracked 
|  49|0x00000000c8300000, 0x00000000c8300000, 0x00000000c8400000|  0%| F|  |TAMS 0x00000000c8300000, 0x00000000c8300000| Untracked 
|  50|0x00000000c8400000, 0x00000000c8400000, 0x00000000c8500000|  0%| F|  |TAMS 0x00000000c8400000, 0x00000000c8400000| Untracked 
|  51|0x00000000c8500000, 0x00000000c8500000, 0x00000000c8600000|  0%| F|  |TAMS 0x00000000c8500000, 0x00000000c8500000| Untracked 
|  52|0x00000000c8600000, 0x00000000c8600000, 0x00000000c8700000|  0%| F|  |TAMS 0x00000000c8600000, 0x00000000c8600000| Untracked 
|  53|0x00000000c8700000, 0x00000000c8800000, 0x00000000c8800000|100%| E|  |TAMS 0x00000000c8700000, 0x00000000c8700000| Complete 
|  54|0x00000000c8800000, 0x00000000c8900000, 0x00000000c8900000|100%| E|CS|TAMS 0x00000000c8800000, 0x00000000c8800000| Complete 
|  55|0x00000000c8900000, 0x00000000c8a00000, 0x00000000c8a00000|100%| E|CS|TAMS 0x00000000c8900000, 0x00000000c8900000| Complete 
|  56|0x00000000c8a00000, 0x00000000c8b00000, 0x00000000c8b00000|100%| E|CS|TAMS 0x00000000c8a00000, 0x00000000c8a00000| Complete 
|  57|0x00000000c8b00000, 0x00000000c8c00000, 0x00000000c8c00000|100%| E|CS|TAMS 0x00000000c8b00000, 0x00000000c8b00000| Complete 
|  58|0x00000000c8c00000, 0x00000000c8d00000, 0x00000000c8d00000|100%| E|CS|TAMS 0x00000000c8c00000, 0x00000000c8c00000| Complete 
|  59|0x00000000c8d00000, 0x00000000c8e00000, 0x00000000c8e00000|100%| E|CS|TAMS 0x00000000c8d00000, 0x00000000c8d00000| Complete 
|  60|0x00000000c8e00000, 0x00000000c8f00000, 0x00000000c8f00000|100%| E|CS|TAMS 0x00000000c8e00000, 0x00000000c8e00000| Complete 
|  61|0x00000000c8f00000, 0x00000000c9000000, 0x00000000c9000000|100%| E|CS|TAMS 0x00000000c8f00000, 0x00000000c8f00000| Complete 
|  62|0x00000000c9000000, 0x00000000c9100000, 0x00000000c9100000|100%| E|CS|TAMS 0x00000000c9000000, 0x00000000c9000000| Complete 
|  63|0x00000000c9100000, 0x00000000c9200000, 0x00000000c9200000|100%| E|CS|TAMS 0x00000000c9100000, 0x00000000c9100000| Complete 
|  64|0x00000000c9200000, 0x00000000c9294ef0, 0x00000000c9300000| 58%| S|CS|TAMS 0x00000000c9200000, 0x00000000c9200000| Complete 
|  65|0x00000000c9300000, 0x00000000c9400000, 0x00000000c9400000|100%| S|CS|TAMS 0x00000000c9300000, 0x00000000c9300000| Complete 
|  66|0x00000000c9400000, 0x00000000c9500000, 0x00000000c9500000|100%| S|CS|TAMS 0x00000000c9400000, 0x00000000c9400000| Complete 
|  67|0x00000000c9500000, 0x00000000c9600000, 0x00000000c9600000|100%| S|CS|TAMS 0x00000000c9500000, 0x00000000c9500000| Complete 
|  68|0x00000000c9600000, 0x00000000c9700000, 0x00000000c9700000|100%| E|CS|TAMS 0x00000000c9600000, 0x00000000c9600000| Complete 
|  69|0x00000000c9700000, 0x00000000c9800000, 0x00000000c9800000|100%| E|CS|TAMS 0x00000000c9700000, 0x00000000c9700000| Complete 
|  70|0x00000000c9800000, 0x00000000c9900000, 0x00000000c9900000|100%| E|CS|TAMS 0x00000000c9800000, 0x00000000c9800000| Complete 
|  71|0x00000000c9900000, 0x00000000c9a00000, 0x00000000c9a00000|100%| E|CS|TAMS 0x00000000c9900000, 0x00000000c9900000| Complete 
|  88|0x00000000caa00000, 0x00000000cab00000, 0x00000000cab00000|100%| E|CS|TAMS 0x00000000caa00000, 0x00000000caa00000| Complete 
|  89|0x00000000cab00000, 0x00000000cac00000, 0x00000000cac00000|100%| E|CS|TAMS 0x00000000cab00000, 0x00000000cab00000| Complete 

Card table byte_map: [0x000002e33d7c0000,0x000002e33d9a0000] _byte_map_base: 0x000002e33d197000

Marking Bits (Prev, Next): (CMBitMap*) 0x000002e3248bfe50, (CMBitMap*) 0x000002e3248bfe90
 Prev Bits: [0x000002e33db80000, 0x000002e33ea38000)
 Next Bits: [0x000002e33ea40000, 0x000002e33f8f8000)

Polling page: 0x000002e324940000

Metaspace:

Usage:
  Non-class:     34.15 MB used.
      Class:      5.06 MB used.
       Both:     39.21 MB used.

Virtual space:
  Non-class space:       64.00 MB reserved,      34.38 MB ( 54%) committed,  1 nodes.
      Class space:        1.00 GB reserved,       5.31 MB ( <1%) committed,  1 nodes.
             Both:        1.06 GB reserved,      39.69 MB (  4%) committed. 

Chunk freelists:
   Non-Class:  1.30 MB
       Class:  2.67 MB
        Both:  3.97 MB

MaxMetaspaceSize: unlimited
CompressedClassSpaceSize: 1.00 GB
Initial GC threshold: 21.00 MB
Current GC threshold: 59.00 MB
CDS: on
MetaspaceReclaimPolicy: balanced
 - commit_granule_bytes: 65536.
 - commit_granule_words: 8192.
 - virtual_space_node_default_size: 8388608.
 - enlarge_chunks_in_place: 1.
 - new_chunks_are_fully_committed: 0.
 - uncommit_free_chunks: 1.
 - use_allocation_guard: 0.


Internal statistics:

num_allocs_failed_limit: 6.
num_arena_births: 700.
num_arena_deaths: 0.
num_vsnodes_births: 2.
num_vsnodes_deaths: 0.
num_space_committed: 636.
num_space_uncommitted: 0.
num_chunks_returned_to_freelist: 6.
num_chunks_taken_from_freelist: 2068.
num_chunk_merges: 3.
num_chunk_splits: 1506.
num_chunks_enlarged: 1210.
num_inconsistent_stats: 0.

CodeHeap 'non-profiled nmethods': size=120000Kb used=1744Kb max_used=1744Kb free=118255Kb
 bounds [0x000002e335a80000, 0x000002e335cf0000, 0x000002e33cfb0000]
CodeHeap 'profiled nmethods': size=120000Kb used=8781Kb max_used=8781Kb free=111218Kb
 bounds [0x000002e32dfb0000, 0x000002e32e850000, 0x000002e3354e0000]
CodeHeap 'non-nmethods': size=5760Kb used=1339Kb max_used=1382Kb free=4420Kb
 bounds [0x000002e3354e0000, 0x000002e335750000, 0x000002e335a80000]
 total_blobs=4746 nmethods=4176 adapters=480
 compilation: enabled
              stopped_count=0, restarted_count=0
 full_count=0

Compilation events (20 events):
Event: 12.987 Thread 0x000002e341e9c350 nmethod 4115 0x000002e335c2bc90 code [0x000002e335c2cc60, 0x000002e335c2e590]
Event: 12.987 Thread 0x000002e341e9c350 4150       4       java.util.AbstractList::<init> (10 bytes)
Event: 12.988 Thread 0x000002e341e9c350 nmethod 4150 0x000002e335c30710 code [0x000002e335c30880, 0x000002e335c308f8]
Event: 12.988 Thread 0x000002e341e9c350 4112   !   4       java.lang.reflect.Executable::declaredAnnotations (85 bytes)
Event: 13.001 Thread 0x000002e341e9c350 nmethod 4112 0x000002e335c30a10 code [0x000002e335c30be0, 0x000002e335c31148]
Event: 13.002 Thread 0x000002e341e9c350 4087       4       java.lang.ClassLoader::getClassLoadingLock (35 bytes)
Event: 13.006 Thread 0x000002e341e9c350 nmethod 4087 0x000002e335c31410 code [0x000002e335c315a0, 0x000002e335c316c8]
Event: 13.006 Thread 0x000002e341e9c350 4088   !   4       jdk.internal.loader.BuiltinClassLoader::loadClassOrNull (143 bytes)
Event: 13.311 Thread 0x000002e341eff030 4167       3       java.util.TreeMap::addEntry (59 bytes)
Event: 13.312 Thread 0x000002e341eff030 nmethod 4167 0x000002e32e835110 code [0x000002e32e8352e0, 0x000002e32e8357a8]
Event: 13.332 Thread 0x000002e341eff030 4168       3       java.util.regex.Pattern$$Lambda$21/0x800000031::is (13 bytes)
Event: 13.333 Thread 0x000002e341eff030 nmethod 4168 0x000002e32e835990 code [0x000002e32e835b60, 0x000002e32e835f18]
Event: 13.333 Thread 0x000002e341eff030 4169       3       java.util.regex.Pattern::lambda$union$3 (26 bytes)
Event: 13.333 Thread 0x000002e341eff030 nmethod 4169 0x000002e32e836090 code [0x000002e32e836260, 0x000002e32e836578]
Event: 13.336 Thread 0x000002e341eff030 4170       3       java.util.regex.Pattern$BmpCharPropertyGreedy::match (89 bytes)
Event: 13.337 Thread 0x000002e341eff030 nmethod 4170 0x000002e32e836690 code [0x000002e32e836880, 0x000002e32e836ee8]
Event: 13.357 Thread 0x000002e341eff030 4171       3       java.util.Properties$LineReader::readLine (584 bytes)
Event: 13.363 Thread 0x000002e341eff030 nmethod 4171 0x000002e32e837110 code [0x000002e32e837500, 0x000002e32e83a078]
Event: 13.366 Thread 0x000002e341eff030 4173       3       java.util.Properties::load0 (249 bytes)
Event: 13.368 Thread 0x000002e341eff030 nmethod 4173 0x000002e32e83ad90 code [0x000002e32e83afe0, 0x000002e32e83ba08]

GC Heap History (18 events):
Event: 1.780 GC heap before
{Heap before GC invocations=0 (full 0):
 garbage-first heap   total 61440K, used 13312K [0x00000000c5200000, 0x0000000100000000)
  region size 1024K, 13 young (13312K), 0 survivors (0K)
 Metaspace       used 3460K, committed 3648K, reserved 1114112K
  class space    used 345K, committed 448K, reserved 1048576K
}
Event: 1.794 GC heap after
{Heap after GC invocations=1 (full 0):
 garbage-first heap   total 61440K, used 6525K [0x00000000c5200000, 0x0000000100000000)
  region size 1024K, 2 young (2048K), 2 survivors (2048K)
 Metaspace       used 3460K, committed 3648K, reserved 1114112K
  class space    used 345K, committed 448K, reserved 1048576K
}
Event: 2.850 GC heap before
{Heap before GC invocations=1 (full 0):
 garbage-first heap   total 61440K, used 18813K [0x00000000c5200000, 0x0000000100000000)
  region size 1024K, 14 young (14336K), 2 survivors (2048K)
 Metaspace       used 7294K, committed 7552K, reserved 1114112K
  class space    used 853K, committed 960K, reserved 1048576K
}
Event: 2.863 GC heap after
{Heap after GC invocations=2 (full 0):
 garbage-first heap   total 61440K, used 7683K [0x00000000c5200000, 0x0000000100000000)
  region size 1024K, 2 young (2048K), 2 survivors (2048K)
 Metaspace       used 7294K, committed 7552K, reserved 1114112K
  class space    used 853K, committed 960K, reserved 1048576K
}
Event: 3.914 GC heap before
{Heap before GC invocations=2 (full 0):
 garbage-first heap   total 61440K, used 27139K [0x00000000c5200000, 0x0000000100000000)
  region size 1024K, 22 young (22528K), 2 survivors (2048K)
 Metaspace       used 12490K, committed 12736K, reserved 1114112K
  class space    used 1611K, committed 1728K, reserved 1048576K
}
Event: 3.927 GC heap after
{Heap after GC invocations=3 (full 0):
 garbage-first heap   total 61440K, used 9113K [0x00000000c5200000, 0x0000000100000000)
  region size 1024K, 3 young (3072K), 3 survivors (3072K)
 Metaspace       used 12490K, committed 12736K, reserved 1114112K
  class space    used 1611K, committed 1728K, reserved 1048576K
}
Event: 5.197 GC heap before
{Heap before GC invocations=3 (full 0):
 garbage-first heap   total 61440K, used 37785K [0x00000000c5200000, 0x0000000100000000)
  region size 1024K, 32 young (32768K), 3 survivors (3072K)
 Metaspace       used 19228K, committed 19456K, reserved 1114112K
  class space    used 2339K, committed 2432K, reserved 1048576K
}
Event: 5.212 GC heap after
{Heap after GC invocations=4 (full 0):
 garbage-first heap   total 61440K, used 11754K [0x00000000c5200000, 0x0000000100000000)
  region size 1024K, 4 young (4096K), 4 survivors (4096K)
 Metaspace       used 19228K, committed 19456K, reserved 1114112K
  class space    used 2339K, committed 2432K, reserved 1048576K
}
Event: 5.742 GC heap before
{Heap before GC invocations=4 (full 0):
 garbage-first heap   total 61440K, used 24042K [0x00000000c5200000, 0x0000000100000000)
  region size 1024K, 17 young (17408K), 4 survivors (4096K)
 Metaspace       used 21228K, committed 21504K, reserved 1114112K
  class space    used 2591K, committed 2688K, reserved 1048576K
}
Event: 5.762 GC heap after
{Heap after GC invocations=5 (full 0):
 garbage-first heap   total 61440K, used 13758K [0x00000000c5200000, 0x0000000100000000)
  region size 1024K, 2 young (2048K), 2 survivors (2048K)
 Metaspace       used 21228K, committed 21504K, reserved 1114112K
  class space    used 2591K, committed 2688K, reserved 1048576K
}
Event: 8.513 GC heap before
{Heap before GC invocations=6 (full 0):
 garbage-first heap   total 51200K, used 42430K [0x00000000c5200000, 0x0000000100000000)
  region size 1024K, 30 young (30720K), 2 survivors (2048K)
 Metaspace       used 25951K, committed 26368K, reserved 1114112K
  class space    used 3214K, committed 3392K, reserved 1048576K
}
Event: 8.538 GC heap after
{Heap after GC invocations=7 (full 0):
 garbage-first heap   total 51200K, used 16423K [0x00000000c5200000, 0x0000000100000000)
  region size 1024K, 4 young (4096K), 4 survivors (4096K)
 Metaspace       used 25951K, committed 26368K, reserved 1114112K
  class space    used 3214K, committed 3392K, reserved 1048576K
}
Event: 8.613 GC heap before
{Heap before GC invocations=7 (full 0):
 garbage-first heap   total 51200K, used 17447K [0x00000000c5200000, 0x0000000100000000)
  region size 1024K, 5 young (5120K), 4 survivors (4096K)
 Metaspace       used 26118K, committed 26560K, reserved 1114112K
  class space    used 3237K, committed 3456K, reserved 1048576K
}
Event: 8.638 GC heap after
{Heap after GC invocations=8 (full 0):
 garbage-first heap   total 51200K, used 17020K [0x00000000c5200000, 0x0000000100000000)
  region size 1024K, 1 young (1024K), 1 survivors (1024K)
 Metaspace       used 26118K, committed 26560K, reserved 1114112K
  class space    used 3237K, committed 3456K, reserved 1048576K
}
Event: 10.312 GC heap before
{Heap before GC invocations=8 (full 0):
 garbage-first heap   total 51200K, used 35452K [0x00000000c5200000, 0x0000000100000000)
  region size 1024K, 20 young (20480K), 1 survivors (1024K)
 Metaspace       used 30896K, committed 31424K, reserved 1114112K
  class space    used 3856K, committed 4096K, reserved 1048576K
}
Event: 10.329 GC heap after
{Heap after GC invocations=9 (full 0):
 garbage-first heap   total 92160K, used 18772K [0x00000000c5200000, 0x0000000100000000)
  region size 1024K, 3 young (3072K), 3 survivors (3072K)
 Metaspace       used 30896K, committed 31424K, reserved 1114112K
  class space    used 3856K, committed 4096K, reserved 1048576K
}
Event: 11.920 GC heap before
{Heap before GC invocations=9 (full 0):
 garbage-first heap   total 92160K, used 39252K [0x00000000c5200000, 0x0000000100000000)
  region size 1024K, 25 young (25600K), 3 survivors (3072K)
 Metaspace       used 35460K, committed 35968K, reserved 1114112K
  class space    used 4512K, committed 4800K, reserved 1048576K
}
Event: 11.932 GC heap after
{Heap after GC invocations=10 (full 0):
 garbage-first heap   total 92160K, used 19964K [0x00000000c5200000, 0x0000000100000000)
  region size 1024K, 4 young (4096K), 4 survivors (4096K)
 Metaspace       used 35460K, committed 35968K, reserved 1114112K
  class space    used 4512K, committed 4800K, reserved 1048576K
}

Dll operation events (13 events):
Event: 0.055 Loaded shared library C:\Program Files\Java\jdk-19\bin\java.dll
Event: 0.159 Loaded shared library C:\Program Files\Java\jdk-19\bin\jsvml.dll
Event: 0.631 Loaded shared library C:\Program Files\Java\jdk-19\bin\zip.dll
Event: 0.640 Loaded shared library C:\Program Files\Java\jdk-19\bin\instrument.dll
Event: 0.656 Loaded shared library C:\Program Files\Java\jdk-19\bin\net.dll
Event: 0.660 Loaded shared library C:\Program Files\Java\jdk-19\bin\nio.dll
Event: 0.670 Loaded shared library C:\Program Files\Java\jdk-19\bin\zip.dll
Event: 1.082 Loaded shared library C:\Program Files\Java\jdk-19\bin\extnet.dll
Event: 1.182 Loaded shared library C:\Program Files\Java\jdk-19\bin\jimage.dll
Event: 5.503 Loaded shared library C:\Program Files\Java\jdk-19\bin\sunmscapi.dll
Event: 10.290 Loaded shared library C:\Program Files\Java\jdk-19\bin\management.dll
Event: 10.297 Loaded shared library C:\Program Files\Java\jdk-19\bin\management_ext.dll
Event: 12.040 Loaded shared library C:\Program Files\Java\jdk-19\bin\verify.dll

Deoptimization events (20 events):
Event: 13.258 Thread 0x000002e3248824f0 Uncommon trap: trap_request=0xffffffde fr.pc=0x000002e335b5a914 relative=0x0000000000000774
Event: 13.258 Thread 0x000002e3248824f0 Uncommon trap: reason=class_check action=maybe_recompile pc=0x000002e335b5a914 method=java.util.regex.Matcher.search(I)Z @ 121 c2
Event: 13.258 Thread 0x000002e3248824f0 DEOPT PACKING pc=0x000002e335b5a914 sp=0x000000fa8eafdcf0
Event: 13.258 Thread 0x000002e3248824f0 DEOPT UNPACKING pc=0x000002e335546d9d sp=0x000000fa8eafdcb0 mode 2
Event: 13.345 Thread 0x000002e3248824f0 Uncommon trap: trap_request=0xffffff45 fr.pc=0x000002e335bf6460 relative=0x00000000000000c0
Event: 13.345 Thread 0x000002e3248824f0 Uncommon trap: reason=unstable_if action=reinterpret pc=0x000002e335bf6460 method=java.net.URI.match(CJJ)Z @ 45 c2
Event: 13.345 Thread 0x000002e3248824f0 DEOPT PACKING pc=0x000002e335bf6460 sp=0x000000fa8eafd3c0
Event: 13.345 Thread 0x000002e3248824f0 DEOPT UNPACKING pc=0x000002e335546d9d sp=0x000000fa8eafd348 mode 2
Event: 13.356 Thread 0x000002e3248824f0 Uncommon trap: trap_request=0xffffff45 fr.pc=0x000002e335b57734 relative=0x0000000000001034
Event: 13.356 Thread 0x000002e3248824f0 Uncommon trap: reason=unstable_if action=reinterpret pc=0x000002e335b57734 method=java.util.Properties$LineReader.readLine()I @ 435 c2
Event: 13.357 Thread 0x000002e3248824f0 DEOPT PACKING pc=0x000002e335b57734 sp=0x000000fa8eafb060
Event: 13.357 Thread 0x000002e3248824f0 DEOPT UNPACKING pc=0x000002e335546d9d sp=0x000000fa8eafb008 mode 2
Event: 13.357 Thread 0x000002e3248824f0 Uncommon trap: trap_request=0xffffff76 fr.pc=0x000002e335b38980 relative=0x0000000000000120
Event: 13.357 Thread 0x000002e3248824f0 Uncommon trap: reason=predicate action=maybe_recompile pc=0x000002e335b38980 method=java.util.Properties$LineReader.readLine()I @ 53 c2
Event: 13.357 Thread 0x000002e3248824f0 DEOPT PACKING pc=0x000002e335b38980 sp=0x000000fa8eafb060
Event: 13.357 Thread 0x000002e3248824f0 DEOPT UNPACKING pc=0x000002e335546d9d sp=0x000000fa8eafb010 mode 2
Event: 13.366 Thread 0x000002e3248824f0 Uncommon trap: trap_request=0xffffff45 fr.pc=0x000002e335bf5798 relative=0x0000000000000798
Event: 13.366 Thread 0x000002e3248824f0 Uncommon trap: reason=unstable_if action=reinterpret pc=0x000002e335bf5798 method=java.util.Properties.load0(Ljava/util/Properties$LineReader;)V @ 160 c2
Event: 13.366 Thread 0x000002e3248824f0 DEOPT PACKING pc=0x000002e335bf5798 sp=0x000000fa8eafb100
Event: 13.366 Thread 0x000002e3248824f0 DEOPT UNPACKING pc=0x000002e335546d9d sp=0x000000fa8eafb0a8 mode 2

Classes loaded (20 events):
Event: 13.316 Loading class java/util/concurrent/SynchronousQueue$TransferQueue
Event: 13.317 Loading class java/util/concurrent/SynchronousQueue$TransferQueue done
Event: 13.317 Loading class java/util/concurrent/SynchronousQueue$TransferQueue$QNode
Event: 13.318 Loading class java/util/concurrent/SynchronousQueue$TransferQueue$QNode done
Event: 13.323 Loading class java/util/concurrent/ThreadPoolExecutor$DiscardPolicy
Event: 13.323 Loading class java/util/concurrent/ThreadPoolExecutor$DiscardPolicy done
Event: 13.329 Loading class java/util/concurrent/atomic/AtomicIntegerFieldUpdater
Event: 13.329 Loading class java/util/concurrent/atomic/AtomicIntegerFieldUpdater done
Event: 13.329 Loading class java/util/concurrent/atomic/AtomicIntegerFieldUpdater$AtomicIntegerFieldUpdaterImpl
Event: 13.330 Loading class java/util/concurrent/atomic/AtomicIntegerFieldUpdater$AtomicIntegerFieldUpdaterImpl done
Event: 13.330 Loading class java/util/concurrent/atomic/AtomicIntegerFieldUpdater$AtomicIntegerFieldUpdaterImpl$1
Event: 13.330 Loading class java/util/concurrent/atomic/AtomicIntegerFieldUpdater$AtomicIntegerFieldUpdaterImpl$1 done
Event: 13.349 Loading class java/io/StringWriter
Event: 13.349 Loading class java/io/StringWriter done
Event: 13.383 Loading class java/math/MathContext
Event: 13.384 Loading class java/math/MathContext done
Event: 13.386 Loading class java/util/Collections$UnmodifiableMap$UnmodifiableEntrySet$UnmodifiableEntrySetSpliterator
Event: 13.387 Loading class java/util/Collections$UnmodifiableMap$UnmodifiableEntrySet$UnmodifiableEntrySetSpliterator done
Event: 13.387 Loading class java/util/HashMap$EntrySpliterator
Event: 13.387 Loading class java/util/HashMap$EntrySpliterator done

Classes unloaded (0 events):
No events

Classes redefined (0 events):
No events

Internal exceptions (20 events):
Event: 9.219 Thread 0x000002e3248824f0 Exception <a 'java/lang/NoSuchMethodError'{0x00000000c7b21248}: 'java.lang.Object java.lang.invoke.DirectMethodHandle$Holder.invokeVirtual(java.lang.Object, java.lang.Object, java.lang.Object, java.lang.Object, java.lang.Object, java.lang.Object)'> (0x00000000c7b21248) 
thrown [s\open\src\hotspot\share\interpreter\linkResolver.cpp, line 774]
Event: 9.314 Thread 0x000002e3248824f0 Exception <a 'java/lang/NoSuchMethodError'{0x00000000c7a3ccb0}: 'void java.lang.invoke.DirectMethodHandle$Holder.invokeInterface(java.lang.Object, java.lang.Object, int)'> (0x00000000c7a3ccb0) 
thrown [s\open\src\hotspot\share\interpreter\linkResolver.cpp, line 774]
Event: 9.333 Thread 0x000002e3248824f0 Exception <a 'java/lang/IncompatibleClassChangeError'{0x00000000c7a8d268}: Found class java.lang.Object, but interface was expected> (0x00000000c7a8d268) 
thrown [s\open\src\hotspot\share\interpreter\linkResolver.cpp, line 841]
Event: 9.336 Thread 0x000002e3248824f0 Exception <a 'java/lang/NoSuchMethodError'{0x00000000c7a9e0a0}: 'int java.lang.invoke.DirectMethodHandle$Holder.invokeSpecialIFC(java.lang.Object, java.lang.Object, java.lang.Object)'> (0x00000000c7a9e0a0) 
thrown [s\open\src\hotspot\share\interpreter\linkResolver.cpp, line 774]
Event: 9.342 Thread 0x000002e3248824f0 Exception <a 'java/lang/NoSuchMethodError'{0x00000000c7ab6d18}: 'void java.lang.invoke.DirectMethodHandle$Holder.invokeStatic(java.lang.Object, int, java.lang.Object)'> (0x00000000c7ab6d18) 
thrown [s\open\src\hotspot\share\interpreter\linkResolver.cpp, line 774]
Event: 9.358 Thread 0x000002e3248824f0 Exception <a 'java/lang/NoSuchMethodError'{0x00000000c7af4b08}: 'void java.lang.invoke.DirectMethodHandle$Holder.invokeStatic(java.lang.Object, java.lang.Object, java.lang.Object, int, java.lang.Object)'> (0x00000000c7af4b08) 
thrown [s\open\src\hotspot\share\interpreter\linkResolver.cpp, line 774]
Event: 9.359 Thread 0x000002e3248824f0 Exception <a 'java/lang/NoSuchMethodError'{0x00000000c7afbf90}: 'java.lang.Object java.lang.invoke.DirectMethodHandle$Holder.newInvokeSpecial(java.lang.Object, java.lang.Object, java.lang.Object, int)'> (0x00000000c7afbf90) 
thrown [s\open\src\hotspot\share\interpreter\linkResolver.cpp, line 774]
Event: 9.360 Thread 0x000002e3248824f0 Exception <a 'java/lang/NoSuchMethodError'{0x00000000c7900270}: 'java.lang.Object java.lang.invoke.DirectMethodHandle$Holder.invokeSpecial(java.lang.Object, java.lang.Object, java.lang.Object, java.lang.Object, int)'> (0x00000000c7900270) 
thrown [s\open\src\hotspot\share\interpreter\linkResolver.cpp, line 774]
Event: 9.360 Thread 0x000002e3248824f0 Exception <a 'java/lang/NoSuchMethodError'{0x00000000c7903c10}: 'java.lang.Object java.lang.invoke.Invokers$Holder.linkToTargetMethod(java.lang.Object, java.lang.Object, int, java.lang.Object)'> (0x00000000c7903c10) 
thrown [s\open\src\hotspot\share\interpreter\linkResolver.cpp, line 774]
Event: 9.622 Thread 0x000002e3248824f0 Exception <a 'java/lang/NoSuchMethodError'{0x00000000c76cd350}: 'java.lang.Object java.lang.invoke.DirectMethodHandle$Holder.invokeStaticInit(java.lang.Object, int, int, int, int)'> (0x00000000c76cd350) 
thrown [s\open\src\hotspot\share\interpreter\linkResolver.cpp, line 774]
Event: 9.744 Thread 0x000002e3248824f0 Exception <a 'java/lang/NoSuchMethodError'{0x00000000c7560640}: 'java.lang.Object java.lang.invoke.DirectMethodHandle$Holder.invokeStaticInit(java.lang.Object, java.lang.Object, int, int, int, int)'> (0x00000000c7560640) 
thrown [s\open\src\hotspot\share\interpreter\linkResolver.cpp, line 774]
Event: 10.111 Thread 0x000002e3248824f0 Exception <a 'java/lang/NoSuchMethodError'{0x00000000c72fdb18}: 'int java.lang.invoke.DirectMethodHandle$Holder.invokeVirtual(java.lang.Object, java.lang.Object, java.lang.Object, java.lang.Object)'> (0x00000000c72fdb18) 
thrown [s\open\src\hotspot\share\interpreter\linkResolver.cpp, line 774]
Event: 10.113 Thread 0x000002e3248824f0 Exception <a 'java/lang/NoSuchMethodError'{0x00000000c7101b00}: 'int java.lang.invoke.DelegatingMethodHandle$Holder.reinvoke_L(java.lang.Object, java.lang.Object, java.lang.Object, java.lang.Object)'> (0x00000000c7101b00) 
thrown [s\open\src\hotspot\share\interpreter\linkResolver.cpp, line 774]
Event: 10.392 Thread 0x000002e3248824f0 Exception <a 'java/io/FileNotFoundException'{0x00000000cab2a500}> (0x00000000cab2a500) 
thrown [s\open\src\hotspot\share\prims\jni.cpp, line 517]
Event: 10.489 Thread 0x000002e3248824f0 Exception <a 'java/lang/NoSuchMethodError'{0x00000000caabd198}: 'int java.lang.invoke.DirectMethodHandle$Holder.invokeInterface(java.lang.Object, java.lang.Object, java.lang.Object, java.lang.Object)'> (0x00000000caabd198) 
thrown [s\open\src\hotspot\share\interpreter\linkResolver.cpp, line 774]
Event: 10.662 Thread 0x000002e3248824f0 Exception <a 'java/lang/NoSuchMethodError'{0x00000000ca8cb360}: 'long java.lang.invoke.DirectMethodHandle$Holder.invokeVirtual(java.lang.Object, java.lang.Object)'> (0x00000000ca8cb360) 
thrown [s\open\src\hotspot\share\interpreter\linkResolver.cpp, line 774]
Event: 10.921 Thread 0x000002e3248824f0 Exception <a 'java/lang/NoSuchMethodError'{0x00000000ca277c00}: 'java.lang.Object java.lang.invoke.DirectMethodHandle$Holder.newInvokeSpecial(java.lang.Object, java.lang.Object, java.lang.Object, java.lang.Object, java.lang.Object, java.lang.Object, java.lang.Object, java.lang.Object, java.lang.Object, java.lang.Object, java.lang.Object)'> (0x00000000ca277c00) 
thrown [s\open\src\hotspot\share\interpreter\linkResolver.cpp, line 774]
Event: 11.026 Thread 0x000002e3248824f0 Exception <a 'sun/nio/fs/WindowsException'{0x00000000ca1abdb0}> (0x00000000ca1abdb0) 
thrown [s\open\src\hotspot\share\prims\jni.cpp, line 517]
Event: 11.159 Thread 0x000002e3248824f0 Exception <a 'java/lang/NoSuchMethodError'{0x00000000c9f4f190}: 'void java.lang.invoke.DelegatingMethodHandle$Holder.reinvoke_L(java.lang.Object, java.lang.Object, java.lang.Object, java.lang.Object, int, java.lang.Object, java.lang.Object, java.lang.Object)'> (0x00000000c9f4f190) 
thrown [s\open\src\hotspot\share\interpreter\linkResolver.cpp, line 774]
Event: 13.228 Thread 0x000002e3248824f0 Exception <a 'java/lang/NoSuchMethodError'{0x00000000c8bc6158}: 'int java.lang.invoke.DirectMethodHandle$Holder.invokeStatic(java.lang.Object)'> (0x00000000c8bc6158) 
thrown [s\open\src\hotspot\share\interpreter\linkResolver.cpp, line 774]

VM Operations (20 events):
Event: 10.383 Executing VM operation: HandshakeAllThreads
Event: 10.397 Executing VM operation: HandshakeAllThreads done
Event: 10.586 Executing VM operation: HandshakeAllThreads
Event: 10.586 Executing VM operation: HandshakeAllThreads done
Event: 10.587 Executing VM operation: HandshakeAllThreads
Event: 10.587 Executing VM operation: HandshakeAllThreads done
Event: 10.682 Executing VM operation: HandshakeAllThreads
Event: 10.682 Executing VM operation: HandshakeAllThreads done
Event: 10.797 Executing VM operation: HandshakeAllThreads
Event: 10.797 Executing VM operation: HandshakeAllThreads done
Event: 11.807 Executing VM operation: Cleanup
Event: 11.808 Executing VM operation: Cleanup done
Event: 11.920 Executing VM operation: CollectForMetadataAllocation
Event: 11.933 Executing VM operation: CollectForMetadataAllocation done
Event: 12.010 Executing VM operation: G1PauseRemark
Event: 12.015 Executing VM operation: G1PauseRemark done
Event: 12.046 Executing VM operation: G1PauseCleanup
Event: 12.046 Executing VM operation: G1PauseCleanup done
Event: 13.050 Executing VM operation: Cleanup
Event: 13.051 Executing VM operation: Cleanup done

Events (20 events):
Event: 0.227 Thread 0x000002e341e97b40 Thread added: 0x000002e341e97b40
Event: 0.227 Thread 0x000002e341e99480 Thread added: 0x000002e341e99480
Event: 0.227 Thread 0x000002e341e9adc0 Thread added: 0x000002e341e9adc0
Event: 0.228 Thread 0x000002e341e9b6f0 Thread added: 0x000002e341e9b6f0
Event: 0.228 Thread 0x000002e341e9c350 Thread added: 0x000002e341e9c350
Event: 0.234 Thread 0x000002e341eff030 Thread added: 0x000002e341eff030
Event: 0.238 Thread 0x000002e341f095b0 Thread added: 0x000002e341f095b0
Event: 0.566 Thread 0x000002e341f5d4b0 Thread added: 0x000002e341f5d4b0
Event: 1.050 Thread 0x000002e346419240 Thread added: 0x000002e346419240
Event: 1.050 Thread 0x000002e346419780 Thread added: 0x000002e346419780
Event: 1.292 Thread 0x000002e3465e0110 Thread added: 0x000002e3465e0110
Event: 1.774 Thread 0x000002e3465e0110 Thread exited: 0x000002e3465e0110
Event: 3.238 Thread 0x000002e346cf3980 Thread added: 0x000002e346cf3980
Event: 4.503 Thread 0x000002e34731c760 Thread added: 0x000002e34731c760
Event: 4.586 Thread 0x000002e34731c760 Thread exited: 0x000002e34731c760
Event: 5.570 Thread 0x000002e346cf3980 Thread exited: 0x000002e346cf3980
Event: 10.697 Thread 0x000002e3486db580 Thread added: 0x000002e3486db580
Event: 10.699 Thread 0x000002e3468617f0 Thread added: 0x000002e3468617f0
Event: 10.710 Thread 0x000002e347b5c550 Thread added: 0x000002e347b5c550
Event: 10.798 Thread 0x000002e347b5ca90 Thread added: 0x000002e347b5ca90


Dynamic libraries:
0x00007ff65fb80000 - 0x00007ff65fb90000 	C:\Program Files\Java\jdk-19\bin\java.exe
0x00007ffa4ccf0000 - 0x00007ffa4cee8000 	C:\Windows\SYSTEM32\ntdll.dll
0x00007ffa4ad20000 - 0x00007ffa4ade2000 	C:\Windows\System32\KERNEL32.DLL
0x00007ffa4a590000 - 0x00007ffa4a886000 	C:\Windows\System32\KERNELBASE.dll
0x00007ffa4aaa0000 - 0x00007ffa4aba0000 	C:\Windows\System32\ucrtbase.dll
0x00007ffa46490000 - 0x00007ffa464ab000 	C:\Program Files\Java\jdk-19\bin\VCRUNTIME140.dll
0x00007ffa45b00000 - 0x00007ffa45b18000 	C:\Program Files\Java\jdk-19\bin\jli.dll
0x00007ffa4adf0000 - 0x00007ffa4ae9f000 	C:\Windows\System32\ADVAPI32.dll
0x00007ffa4bd50000 - 0x00007ffa4bdee000 	C:\Windows\System32\msvcrt.dll
0x00007ffa4bcb0000 - 0x00007ffa4bd4f000 	C:\Windows\System32\sechost.dll
0x00007ffa4af00000 - 0x00007ffa4b023000 	C:\Windows\System32\RPCRT4.dll
0x00007ffa4acf0000 - 0x00007ffa4ad17000 	C:\Windows\System32\bcrypt.dll
0x00007ffa4cb10000 - 0x00007ffa4ccad000 	C:\Windows\System32\USER32.dll
0x00007ffa3a340000 - 0x00007ffa3a5da000 	C:\Windows\WinSxS\amd64_microsoft.windows.common-controls_6595b64144ccf1df_6.0.19041.5794_none_60bcd33171f2783c\COMCTL32.dll
0x00007ffa4a9f0000 - 0x00007ffa4aa12000 	C:\Windows\System32\win32u.dll
0x00007ffa4be50000 - 0x00007ffa4be7b000 	C:\Windows\System32\GDI32.dll
0x00007ffa4a390000 - 0x00007ffa4a4aa000 	C:\Windows\System32\gdi32full.dll
0x00007ffa4ac50000 - 0x00007ffa4aced000 	C:\Windows\System32\msvcp_win.dll
0x00007ffa3b3c0000 - 0x00007ffa3b3ca000 	C:\Windows\SYSTEM32\VERSION.dll
0x00007ffa4c850000 - 0x00007ffa4c87f000 	C:\Windows\System32\IMM32.DLL
0x00007ffa47a20000 - 0x00007ffa47a2c000 	C:\Program Files\Java\jdk-19\bin\vcruntime140_1.dll
0x00007ffa3d7b0000 - 0x00007ffa3d83e000 	C:\Program Files\Java\jdk-19\bin\msvcp140.dll
0x00007ffa14d90000 - 0x00007ffa15a50000 	C:\Program Files\Java\jdk-19\bin\server\jvm.dll
0x00007ffa47770000 - 0x00007ffa47779000 	C:\Windows\SYSTEM32\WSOCK32.dll
0x00007ffa4caa0000 - 0x00007ffa4cb0b000 	C:\Windows\System32\WS2_32.dll
0x00007ffa3a8e0000 - 0x00007ffa3a907000 	C:\Windows\SYSTEM32\WINMM.dll
0x00007ffa48210000 - 0x00007ffa48222000 	C:\Windows\SYSTEM32\kernel.appcore.dll
0x00007ffa43df0000 - 0x00007ffa43dfa000 	C:\Program Files\Java\jdk-19\bin\jimage.dll
0x00007ffa3a910000 - 0x00007ffa3ab11000 	C:\Windows\SYSTEM32\DBGHELP.DLL
0x00007ffa2aa80000 - 0x00007ffa2aab4000 	C:\Windows\SYSTEM32\dbgcore.DLL
0x00007ffa4a4b0000 - 0x00007ffa4a532000 	C:\Windows\System32\bcryptPrimitives.dll
0x00007ffa43de0000 - 0x00007ffa43dee000 	C:\Program Files\Java\jdk-19\bin\instrument.dll
0x00007ffa280d0000 - 0x00007ffa280f6000 	C:\Program Files\Java\jdk-19\bin\java.dll
0x00007ffa258c0000 - 0x00007ffa25997000 	C:\Program Files\Java\jdk-19\bin\jsvml.dll
0x00007ffa4b1b0000 - 0x00007ffa4b91e000 	C:\Windows\System32\SHELL32.dll
0x00007ffa48410000 - 0x00007ffa48bb3000 	C:\Windows\SYSTEM32\windows.storage.dll
0x00007ffa4bea0000 - 0x00007ffa4c1f3000 	C:\Windows\System32\combase.dll
0x00007ffa49d50000 - 0x00007ffa49d7b000 	C:\Windows\SYSTEM32\Wldp.dll
0x00007ffa4b030000 - 0x00007ffa4b0fd000 	C:\Windows\System32\OLEAUT32.dll
0x00007ffa4b920000 - 0x00007ffa4b9cd000 	C:\Windows\System32\SHCORE.dll
0x00007ffa4aea0000 - 0x00007ffa4aef5000 	C:\Windows\System32\shlwapi.dll
0x00007ffa4a2c0000 - 0x00007ffa4a2e5000 	C:\Windows\SYSTEM32\profapi.dll
0x00007ffa43450000 - 0x00007ffa43468000 	C:\Program Files\Java\jdk-19\bin\zip.dll
0x00007ffa431a0000 - 0x00007ffa431b3000 	C:\Program Files\Java\jdk-19\bin\net.dll
0x00007ffa44390000 - 0x00007ffa4449a000 	C:\Windows\SYSTEM32\WINHTTP.dll
0x00007ffa49a50000 - 0x00007ffa49abc000 	C:\Windows\system32\mswsock.dll
0x00007ffa42270000 - 0x00007ffa42286000 	C:\Program Files\Java\jdk-19\bin\nio.dll
0x00007ffa40f60000 - 0x00007ffa40f68000 	C:\Program Files\Java\jdk-19\bin\extnet.dll
0x00007ffa407d0000 - 0x00007ffa407de000 	C:\Program Files\Java\jdk-19\bin\sunmscapi.dll
0x00007ffa4a890000 - 0x00007ffa4a9ed000 	C:\Windows\System32\CRYPT32.dll
0x00007ffa49de0000 - 0x00007ffa49e07000 	C:\Windows\SYSTEM32\ncrypt.dll
0x00007ffa49da0000 - 0x00007ffa49ddb000 	C:\Windows\SYSTEM32\NTASN1.dll
0x00007ffa49ca0000 - 0x00007ffa49cb8000 	C:\Windows\SYSTEM32\CRYPTSP.dll
0x00007ffa49370000 - 0x00007ffa493a8000 	C:\Windows\system32\rsaenh.dll
0x00007ffa4a280000 - 0x00007ffa4a2ae000 	C:\Windows\SYSTEM32\USERENV.dll
0x00007ffa49cc0000 - 0x00007ffa49ccc000 	C:\Windows\SYSTEM32\CRYPTBASE.dll
0x00007ffa49730000 - 0x00007ffa4976b000 	C:\Windows\SYSTEM32\IPHLPAPI.DLL
0x00007ffa4c6f0000 - 0x00007ffa4c6f8000 	C:\Windows\System32\NSI.dll
0x00007ffa42b30000 - 0x00007ffa42b47000 	C:\Windows\SYSTEM32\dhcpcsvc6.DLL
0x00007ffa43620000 - 0x00007ffa4363d000 	C:\Windows\SYSTEM32\dhcpcsvc.DLL
0x00007ffa49770000 - 0x00007ffa4983a000 	C:\Windows\SYSTEM32\DNSAPI.dll
0x00007ffa40750000 - 0x00007ffa4075a000 	C:\Program Files\Java\jdk-19\bin\management.dll
0x00007ffa3fc90000 - 0x00007ffa3fc9b000 	C:\Program Files\Java\jdk-19\bin\management_ext.dll
0x00007ffa4c840000 - 0x00007ffa4c848000 	C:\Windows\System32\PSAPI.DLL
0x00007ffa3edc0000 - 0x00007ffa3edd0000 	C:\Program Files\Java\jdk-19\bin\verify.dll

dbghelp: loaded successfully - version: 4.0.5 - missing functions: none
symbol engine: initialized successfully - sym options: 0x614 - pdb path: .;C:\Program Files\Java\jdk-19\bin;C:\Windows\SYSTEM32;C:\Windows\WinSxS\amd64_microsoft.windows.common-controls_6595b64144ccf1df_6.0.19041.5794_none_60bcd33171f2783c;C:\Program Files\Java\jdk-19\bin\server

VM Arguments:
jvm_args: -javaagent:C:\Program Files\JetBrains\IntelliJ IDEA Community Edition 2025.1.2\lib\idea_rt.jar=56577 -Dfile.encoding=UTF-8 -Dsun.stdout.encoding=UTF-8 -Dsun.stderr.encoding=UTF-8 
java_command: com.librarymanagement.backend.LibraryManagementBackendApplication
java_class_path (initial): D:\library-management-backend\target\classes;C:\Users\pc\.m2\repository\org\springframework\boot\spring-boot-starter-data-jpa\3.3.3\spring-boot-starter-data-jpa-3.3.3.jar;C:\Users\pc\.m2\repository\org\springframework\boot\spring-boot-starter-aop\3.3.3\spring-boot-starter-aop-3.3.3.jar;C:\Users\pc\.m2\repository\org\aspectj\aspectjweaver\1.9.22.1\aspectjweaver-1.9.22.1.jar;C:\Users\pc\.m2\repository\org\springframework\boot\spring-boot-starter-jdbc\3.3.3\spring-boot-starter-jdbc-3.3.3.jar;C:\Users\pc\.m2\repository\com\zaxxer\HikariCP\5.1.0\HikariCP-5.1.0.jar;C:\Users\pc\.m2\repository\org\springframework\spring-jdbc\6.1.12\spring-jdbc-6.1.12.jar;C:\Users\pc\.m2\repository\org\hibernate\orm\hibernate-core\6.5.2.Final\hibernate-core-6.5.2.Final.jar;C:\Users\pc\.m2\repository\jakarta\persistence\jakarta.persistence-api\3.1.0\jakarta.persistence-api-3.1.0.jar;C:\Users\pc\.m2\repository\jakarta\transaction\jakarta.transaction-api\2.0.1\jakarta.transaction-api-2.0.1.jar;C:\Users\pc\.m2\repository\org\jboss\logging\jboss-logging\3.5.3.Final\jboss-logging-3.5.3.Final.jar;C:\Users\pc\.m2\repository\org\hibernate\common\hibernate-commons-annotations\6.0.6.Final\hibernate-commons-annotations-6.0.6.Final.jar;C:\Users\pc\.m2\repository\io\smallrye\jandex\3.1.2\jandex-3.1.2.jar;C:\Users\pc\.m2\repository\com\fasterxml\classmate\1.7.0\classmate-1.7.0.jar;C:\Users\pc\.m2\repository\net\bytebuddy\byte-buddy\1.14.19\byte-buddy-1.14.19.jar;C:\Users\pc\.m2\repository\jakarta\xml\bind\jakarta.xml.bind-api\4.0.2\jakarta.xml.bind-api-4.0.2.jar;C:\Users\pc\.m2\repository\jakarta\activation\jakarta.activation-api\2.1.3\jakarta.activation-api-2.1.3.jar;C:\Users\pc\.m2\repository\org\glassfish\jaxb\jaxb-runtime\4.0.5\jaxb-runtime-4.0.5.jar;C:\Users\pc\.m2\repository\org\glassfish\jaxb\jaxb-core\4.0.5\jaxb-core-4.0.5.jar;C:\Users\pc\.m2\repository\org\eclipse\angus\angus-activation\2.0.2\angus-activation-2.0.2.jar;C:\Users\pc\.m2\repository\org\glassfish\jaxb\txw2\4.0.5\txw2-4.0.5.jar;C:\Users\pc\.m2\repository\com\sun\istack\istack-commons-runtime\4.1.2\istack-commons-runtime-4.1.2.jar;C:\Users\pc\.m2\repository\jakarta\inject\jakarta.inject-api\2.0.1\jakarta.inject-api-2.0.1.jar;C:\Users\pc\.m2\repository\org\antlr\antlr4-runtime\4.13.0\antlr4-runtime-4.13.0.jar;C:\Users\pc\.m2\repository\org\springframework\data\spring-data-jpa\3.3.3\spring-data-jpa-3.3.3.jar;C:\Users\pc\.m2\repository\org\springframework\data\spring-data-commons\3.3.3\spring-data-commons-3.3.3.jar;C:\Users\pc\.m2\repository\org\springframework\spring-orm\6.1.12\spring-orm-6.1.12.jar;C:\Users\pc\.m2\repository\org\springframework\spring-context\6.1.12\spring-context-6.1.12.jar;C:\Users\pc\.m2\repository\org\springframework\spring-tx\6.1.12\spring-tx-6.1.12.jar;C:\Users\pc\.m2\repository\org\springframework\spring-beans\6.1.12\spring-beans-6.1.12.jar;C:\Users\pc\.m2\repository\org\springframework\spring-core\6.1.12\spring-core-6.1.12.jar;C:\Users\pc\.m2\repository\org\springframework\spring-jcl\6.1.12\spring-jcl-6.1.12.jar;C:\Users\pc\.m2\repository\jakarta\annotation\jakarta.annotation-api\2.1.1\jakarta.annotation-api-2.1.1.jar;C:\Users\pc\.m2\repository\org\slf4j\slf4j-api\2.0.16\slf4j-api-2.0.16.jar;C:\Users\pc\.m2\repository\org\springframework\spring-aspects\6.1.12\spring-aspects-6.1.12.jar;C:\Users\pc\.m2\repository\org\springframework\boot\spring-boot-starter-web\3.3.3\spring-boot-starter-web-3.3.3.jar;C:\Users\pc\.m2\repository\org\springframework\boot\spring-boot-starter\3.3.3\spring-boot-starter-3.3.3.jar;C:\Users\pc\.m2\repository\org\springframework\boot\spring-boot\3.3.3\spring-boot-3.3.3.jar;C:\Users\pc\.m2\repository\org\springframework\boot\spring-boot-autoconfigure\3.3.3\spring-boot-autoconfigure-3.3.3.jar;C:\Users\pc\.m2\repository\org\springframework\boot\spring-boot-starter-logging\3.3.3\spring-boot-starter-logging-3.3.3.jar;C:\Users\pc\.m2\repository\ch\qos\logback\logback-classic\1.5.7\logback-classic-1.5.7.jar;C:\Users\pc\.m2\repository\ch\qos\logback\logback-core\1.5.7\logback-core-1.5.7.jar;C:\Users\pc\.m2\repository\org\apache\logging\log4j\log4j-to-slf4j\2.23.1\log4j-to-slf4j-2.23.1.jar;C:\Users\pc\.m2\repository\org\apache\logging\log4j\log4j-api\2.23.1\log4j-api-2.23.1.jar;C:\Users\pc\.m2\repository\org\slf4j\jul-to-slf4j\2.0.16\jul-to-slf4j-2.0.16.jar;C:\Users\pc\.m2\repository\org\yaml\snakeyaml\2.2\snakeyaml-2.2.jar;C:\Users\pc\.m2\repository\org\springframework\boot\spring-boot-starter-json\3.3.3\spring-boot-starter-json-3.3.3.jar;C:\Users\pc\.m2\repository\com\fasterxml\jackson\datatype\jackson-datatype-jdk8\2.17.2\jackson-datatype-jdk8-2.17.2.jar;C:\Users\pc\.m2\repository\com\fasterxml\jackson\datatype\jackson-datatype-jsr310\2.17.2\jackson-datatype-jsr310-2.17.2.jar;C:\Users\pc\.m2\repository\com\fasterxml\jackson\module\jackson-module-parameter-names\2.17.2\jackson-module-parameter-names-2.17.2.jar;C:\Users\pc\.m2\repository\org\springframework\boot\spring-boot-starter-tomcat\3.3.3\spring-boot-starter-tomcat-3.3.3.jar;C:\Users\pc\.m2\repository\org\apache\tomcat\embed\tomcat-embed-core\10.1.28\tomcat-embed-core-10.1.28.jar;C:\Users\pc\.m2\repository\org\apache\tomcat\embed\tomcat-embed-websocket\10.1.28\tomcat-embed-websocket-10.1.28.jar;C:\Users\pc\.m2\repository\org\springframework\spring-web\6.1.12\spring-web-6.1.12.jar;C:\Users\pc\.m2\repository\io\micrometer\micrometer-observation\1.13.3\micrometer-observation-1.13.3.jar;C:\Users\pc\.m2\repository\io\micrometer\micrometer-commons\1.13.3\micrometer-commons-1.13.3.jar;C:\Users\pc\.m2\repository\org\springframework\spring-webmvc\6.1.12\spring-webmvc-6.1.12.jar;C:\Users\pc\.m2\repository\org\springframework\spring-expression\6.1.12\spring-expression-6.1.12.jar;C:\Users\pc\.m2\repository\org\springframework\boot\spring-boot-starter-security\3.3.3\spring-boot-starter-security-3.3.3.jar;C:\Users\pc\.m2\repository\org\springframework\spring-aop\6.1.12\spring-aop-6.1.12.jar;C:\Users\pc\.m2\repository\org\springframework\security\spring-security-config\6.3.3\spring-security-config-6.3.3.jar;C:\Users\pc\.m2\repository\org\springframework\security\spring-security-core\6.3.3\spring-security-core-6.3.3.jar;C:\Users\pc\.m2\repository\org\springframework\security\spring-security-crypto\6.3.3\spring-security-crypto-6.3.3.jar;C:\Users\pc\.m2\repository\org\springframework\security\spring-security-web\6.3.3\spring-security-web-6.3.3.jar;C:\Users\pc\.m2\repository\com\mysql\mysql-connector-j\8.3.0\mysql-connector-j-8.3.0.jar;C:\Users\pc\.m2\repository\org\projectlombok\lombok\1.18.34\lombok-1.18.34.jar;C:\Users\pc\.m2\repository\org\springframework\boot\spring-boot-starter-validation\3.3.3\spring-boot-starter-validation-3.3.3.jar;C:\Users\pc\.m2\repository\org\apache\tomcat\embed\tomcat-embed-el\10.1.28\tomcat-embed-el-10.1.28.jar;C:\Users\pc\.m2\repository\org\hibernate\validator\hibernate-validator\8.0.1.Final\hibernate-validator-8.0.1.Final.jar;C:\Users\pc\.m2\repository\jakarta\validation\jakarta.validation-api\3.0.2\jakarta.validation-api-3.0.2.jar;C:\Users\pc\.m2\repository\io\jsonwebtoken\jjwt\0.9.1\jjwt-0.9.1.jar;C:\Users\pc\.m2\repository\com\fasterxml\jackson\core\jackson-databind\2.17.2\jackson-databind-2.17.2.jar;C:\Users\pc\.m2\repository\com\fasterxml\jackson\core\jackson-annotations\2.17.2\jackson-annotations-2.17.2.jar;C:\Users\pc\.m2\repository\com\fasterxml\jackson\core\jackson-core\2.17.2\jackson-core-2.17.2.jar
Launcher Type: SUN_STANDARD

[Global flags]
     intx CICompilerCount                          = 3                                         {product} {ergonomic}
     uint ConcGCThreads                            = 1                                         {product} {ergonomic}
     uint G1ConcRefinementThreads                  = 4                                         {product} {ergonomic}
   size_t G1HeapRegionSize                         = 1048576                                   {product} {ergonomic}
    uintx GCDrainStackTargetSize                   = 64                                        {product} {ergonomic}
   size_t InitialHeapSize                          = 62914560                                  {product} {ergonomic}
   size_t MarkStackSize                            = 4194304                                   {product} {ergonomic}
   size_t MaxHeapSize                              = 987758592                                 {product} {ergonomic}
   size_t MaxNewSize                               = 592445440                                 {product} {ergonomic}
   size_t MinHeapDeltaBytes                        = 1048576                                   {product} {ergonomic}
   size_t MinHeapSize                              = 8388608                                   {product} {ergonomic}
    uintx NonNMethodCodeHeapSize                   = 5832780                                {pd product} {ergonomic}
    uintx NonProfiledCodeHeapSize                  = 122912730                              {pd product} {ergonomic}
    uintx ProfiledCodeHeapSize                     = 122912730                              {pd product} {ergonomic}
    uintx ReservedCodeCacheSize                    = 251658240                              {pd product} {ergonomic}
     bool SegmentedCodeCache                       = true                                      {product} {ergonomic}
   size_t SoftMaxHeapSize                          = 987758592                              {manageable} {ergonomic}
     bool UseCompressedClassPointers               = true                           {product lp64_product} {ergonomic}
     bool UseCompressedOops                        = true                           {product lp64_product} {ergonomic}
     bool UseG1GC                                  = true                                      {product} {ergonomic}
     bool UseLargePagesIndividualAllocation        = false                                  {pd product} {ergonomic}

Logging:
Log output configuration:
 #0: stdout all=warning uptime,level,tags foldmultilines=false
 #1: stderr all=off uptime,level,tags foldmultilines=false

Environment Variables:
PATH=C:\Program Files\Common Files\Oracle\Java\javapath;C:\Windows\system32;C:\Windows;C:\Windows\System32\Wbem;C:\Windows\System32\WindowsPowerShell\v1.0\;C:\Windows\System32\OpenSSH\;C:\ProgramData\chocolatey\bin;C:\Program Files\Microsoft SQL Server\Client SDK\ODBC\170\Tools\Binn\;C:\Program Files (x86)\Microsoft SQL Server\150\Tools\Binn\;C:\Program Files\Microsoft SQL Server\150\Tools\Binn\;C:\Program Files\Microsoft SQL Server\150\DTS\Binn\;C:\Python311;C:\Users\pc\Desktop\yuvraj\priya\Scripts;C:\Program Files\Git\cmd;C:\Program Files\nodejs\;C:\Python311;C:\Users\pc\Desktop\KHUSHI\IntelliJ IDEA 2023.1.1\bin;;C:\Program Files\JetBrains\PyCharm Community Edition 2023.2.1\bin;;C:\Users\pc\AppData\Roaming\npm;C:\Users\pc\AppData\Local\Programs\Microsoft VS Code\bin
USERNAME=pc
OS=Windows_NT
PROCESSOR_IDENTIFIER=Intel64 Family 6 Model 37 Stepping 2, GenuineIntel
TMP=C:\Users\pc\AppData\Local\Temp
TEMP=C:\Users\pc\AppData\Local\Temp



---------------  S Y S T E M  ---------------

OS:
 Windows 10 , 64 bit Build 19041 (10.0.19041.5794)
OS uptime: 1 days 8:55 hours

CPU: total 4 (initial active 4) (2 cores per cpu, 2 threads per core) family 6 model 37 stepping 2 microcode 0x11, cx8, cmov, fxsr, ht, mmx, sse, sse2, sse3, ssse3, sse4.1, sse4.2, popcnt, tsc, tscinvbit, clflush, rdtscp

Memory: 4k page, system-wide physical 3764M (274M free)
TotalPageFile size 11264M (AvailPageFile size 4M)
current process WorkingSet (physical memory assigned to process): 202M, peak: 202M
current process commit charge ("private bytes"): 240M, peak: 248M

vm_info: Java HotSpot(TM) 64-Bit Server VM (19.0.2+7-44) for windows-amd64 JRE (19.0.2+7-44), built on 2022-11-30T18:02:09Z by "mach5one" with MS VC++ 17.1 (VS2022)

END.
